This file contains any messages produced by compilers while
running configure, to aid debugging if configure makes a mistake.

It was created by libsrtp2 configure 2.0.0-pre, which was
generated by GNU Autoconf 2.69.  Invocation command line was

  $ ./configure --host=x86_64-apple-darwin --prefix=/Users/aagman/Desktop/LibSRTP/SIM_x86_64 --enable-openssl --with-openssl-dir=../openssl/

## --------- ##
## Platform. ##
## --------- ##

hostname = Rahuls-MacBook-Pro.local
uname -m = x86_64
uname -r = 14.4.0
uname -s = Darwin
uname -v = Darwin Kernel Version 14.4.0: Thu May 28 11:35:04 PDT 2015; root:xnu-2782.30.5~1/RELEASE_X86_64

/usr/bin/uname -p = i386
/bin/uname -X     = unknown

/bin/arch              = unknown
/usr/bin/arch -k       = unknown
/usr/convex/getsysinfo = unknown
/usr/bin/hostinfo      = Mach kernel version:
	 Darwin Kernel Version 14.4.0: Thu May 28 11:35:04 PDT 2015; root:xnu-2782.30.5~1/RELEASE_X86_64
Kernel configured for up to 8 processors.
4 processors are physically available.
8 processors are logically available.
Processor type: x86_64h (Intel x86-64h Haswell)
Processors active: 0 1 2 3 4 5 6 7
Primary memory available: 16.00 gigabytes
Default processor set: 209 tasks, 892 threads, 8 processors
Load average: 2.76, Mach factor: 5.29
/bin/machine           = unknown
/usr/bin/oslevel       = unknown
/bin/universe          = unknown

PATH: /Users/rahulpathak/Desktop/tlkn/Android/Compiler/android-ndk-r9d
PATH: /usr/local/bin
PATH: /usr/bin
PATH: /bin
PATH: /usr/sbin
PATH: /sbin
PATH: /opt/X11/bin


## ----------- ##
## Core tests. ##
## ----------- ##

configure:2386: checking for x86_64-apple-darwin-gcc
configure:2413: result: /Applications/Xcode.app/Contents/Developer/Toolchains/XcodeDefault.xctoolchain/usr/bin/cc
configure:2682: checking for C compiler version
configure:2691: /Applications/Xcode.app/Contents/Developer/Toolchains/XcodeDefault.xctoolchain/usr/bin/cc --version >&5
Apple LLVM version 6.1.0 (clang-602.0.53) (based on LLVM 3.6.0svn)
Target: x86_64-apple-darwin14.4.0
Thread model: posix
configure:2702: $? = 0
configure:2691: /Applications/Xcode.app/Contents/Developer/Toolchains/XcodeDefault.xctoolchain/usr/bin/cc -v >&5
Apple LLVM version 6.1.0 (clang-602.0.53) (based on LLVM 3.6.0svn)
Target: x86_64-apple-darwin14.4.0
Thread model: posix
configure:2702: $? = 0
configure:2691: /Applications/Xcode.app/Contents/Developer/Toolchains/XcodeDefault.xctoolchain/usr/bin/cc -V >&5
clang: error: argument to '-V' is missing (expected 1 value)
clang: error: no input files
configure:2702: $? = 1
configure:2691: /Applications/Xcode.app/Contents/Developer/Toolchains/XcodeDefault.xctoolchain/usr/bin/cc -qversion >&5
clang: error: unknown argument: '-qversion'
clang: error: no input files
configure:2702: $? = 1
configure:2722: checking whether the C compiler works
configure:2744: /Applications/Xcode.app/Contents/Developer/Toolchains/XcodeDefault.xctoolchain/usr/bin/cc -arch x86_64 -mios-simulator-version-min=8.0 -isysroot /Applications/Xcode.app/Contents/Developer/Platforms/iPhoneSimulator.platform/Developer/SDKs/iPhoneSimulator8.4.sdk   -arch x86_64 -mios-simulator-version-min=8.0 -isysroot /Applications/Xcode.app/Contents/Developer/Platforms/iPhoneSimulator.platform/Developer/SDKs/iPhoneSimulator8.4.sdk conftest.c  >&5
configure:2748: $? = 0
configure:2796: result: yes
configure:2799: checking for C compiler default output file name
configure:2801: result: a.out
configure:2807: checking for suffix of executables
configure:2814: /Applications/Xcode.app/Contents/Developer/Toolchains/XcodeDefault.xctoolchain/usr/bin/cc -o conftest -arch x86_64 -mios-simulator-version-min=8.0 -isysroot /Applications/Xcode.app/Contents/Developer/Platforms/iPhoneSimulator.platform/Developer/SDKs/iPhoneSimulator8.4.sdk   -arch x86_64 -mios-simulator-version-min=8.0 -isysroot /Applications/Xcode.app/Contents/Developer/Platforms/iPhoneSimulator.platform/Developer/SDKs/iPhoneSimulator8.4.sdk conftest.c  >&5
configure:2818: $? = 0
configure:2840: result: 
configure:2862: checking whether we are cross compiling
configure:2870: /Applications/Xcode.app/Contents/Developer/Toolchains/XcodeDefault.xctoolchain/usr/bin/cc -o conftest -arch x86_64 -mios-simulator-version-min=8.0 -isysroot /Applications/Xcode.app/Contents/Developer/Platforms/iPhoneSimulator.platform/Developer/SDKs/iPhoneSimulator8.4.sdk   -arch x86_64 -mios-simulator-version-min=8.0 -isysroot /Applications/Xcode.app/Contents/Developer/Platforms/iPhoneSimulator.platform/Developer/SDKs/iPhoneSimulator8.4.sdk conftest.c  >&5
configure:2874: $? = 0
configure:2881: ./conftest
configure:2885: $? = 0
configure:2900: result: no
configure:2905: checking for suffix of object files
configure:2927: /Applications/Xcode.app/Contents/Developer/Toolchains/XcodeDefault.xctoolchain/usr/bin/cc -c -arch x86_64 -mios-simulator-version-min=8.0 -isysroot /Applications/Xcode.app/Contents/Developer/Platforms/iPhoneSimulator.platform/Developer/SDKs/iPhoneSimulator8.4.sdk   conftest.c >&5
configure:2931: $? = 0
configure:2952: result: o
configure:2956: checking whether we are using the GNU C compiler
configure:2975: /Applications/Xcode.app/Contents/Developer/Toolchains/XcodeDefault.xctoolchain/usr/bin/cc -c -arch x86_64 -mios-simulator-version-min=8.0 -isysroot /Applications/Xcode.app/Contents/Developer/Platforms/iPhoneSimulator.platform/Developer/SDKs/iPhoneSimulator8.4.sdk   conftest.c >&5
configure:2975: $? = 0
configure:2984: result: yes
configure:2993: checking whether /Applications/Xcode.app/Contents/Developer/Toolchains/XcodeDefault.xctoolchain/usr/bin/cc accepts -g
configure:3013: /Applications/Xcode.app/Contents/Developer/Toolchains/XcodeDefault.xctoolchain/usr/bin/cc -c -g  conftest.c >&5
configure:3013: $? = 0
configure:3054: result: yes
configure:3071: checking for /Applications/Xcode.app/Contents/Developer/Toolchains/XcodeDefault.xctoolchain/usr/bin/cc option to accept ISO C89
configure:3134: /Applications/Xcode.app/Contents/Developer/Toolchains/XcodeDefault.xctoolchain/usr/bin/cc  -c -arch x86_64 -mios-simulator-version-min=8.0 -isysroot /Applications/Xcode.app/Contents/Developer/Platforms/iPhoneSimulator.platform/Developer/SDKs/iPhoneSimulator8.4.sdk   conftest.c >&5
configure:3134: $? = 0
configure:3147: result: none needed
configure:3173: checking for x86_64-apple-darwin-ar
configure:3203: result: no
configure:3173: checking for x86_64-apple-darwin-lib
configure:3203: result: no
configure:3173: checking for x86_64-apple-darwin-link
configure:3203: result: no
configure:3217: checking for ar
configure:3233: found /usr/bin/ar
configure:3244: result: ar
configure:3270: checking the archiver (ar) interface
configure:3286: /Applications/Xcode.app/Contents/Developer/Toolchains/XcodeDefault.xctoolchain/usr/bin/cc -c -arch x86_64 -mios-simulator-version-min=8.0 -isysroot /Applications/Xcode.app/Contents/Developer/Platforms/iPhoneSimulator.platform/Developer/SDKs/iPhoneSimulator8.4.sdk   conftest.c >&5
configure:3286: $? = 0
configure:3288: ar cru libconftest.a conftest.o >&5
configure:3291: $? = 0
configure:3319: result: ar
configure:3342: checking for x86_64-apple-darwin-ranlib
configure:3372: result: no
configure:3382: checking for ranlib
configure:3398: found /usr/bin/ranlib
configure:3409: result: ranlib
configure:3439: checking for x86_64-apple-darwin-gcc
configure:3466: result: /Applications/Xcode.app/Contents/Developer/Toolchains/XcodeDefault.xctoolchain/usr/bin/cc
configure:3735: checking for C compiler version
configure:3744: /Applications/Xcode.app/Contents/Developer/Toolchains/XcodeDefault.xctoolchain/usr/bin/cc --version >&5
Apple LLVM version 6.1.0 (clang-602.0.53) (based on LLVM 3.6.0svn)
Target: x86_64-apple-darwin14.4.0
Thread model: posix
configure:3755: $? = 0
configure:3744: /Applications/Xcode.app/Contents/Developer/Toolchains/XcodeDefault.xctoolchain/usr/bin/cc -v >&5
Apple LLVM version 6.1.0 (clang-602.0.53) (based on LLVM 3.6.0svn)
Target: x86_64-apple-darwin14.4.0
Thread model: posix
configure:3755: $? = 0
configure:3744: /Applications/Xcode.app/Contents/Developer/Toolchains/XcodeDefault.xctoolchain/usr/bin/cc -V >&5
clang: error: argument to '-V' is missing (expected 1 value)
clang: error: no input files
configure:3755: $? = 1
configure:3744: /Applications/Xcode.app/Contents/Developer/Toolchains/XcodeDefault.xctoolchain/usr/bin/cc -qversion >&5
clang: error: unknown argument: '-qversion'
clang: error: no input files
configure:3755: $? = 1
configure:3759: checking whether we are using the GNU C compiler
configure:3787: result: yes
configure:3796: checking whether /Applications/Xcode.app/Contents/Developer/Toolchains/XcodeDefault.xctoolchain/usr/bin/cc accepts -g
configure:3857: result: yes
configure:3874: checking for /Applications/Xcode.app/Contents/Developer/Toolchains/XcodeDefault.xctoolchain/usr/bin/cc option to accept ISO C89
configure:3950: result: none needed
configure:4013: checking for a BSD-compatible install
configure:4081: result: /usr/bin/install -c
configure:4098: checking how to run the C preprocessor
configure:4168: result: /Applications/Xcode.app/Contents/Developer/Toolchains/XcodeDefault.xctoolchain/usr/bin/cpp
configure:4188: /Applications/Xcode.app/Contents/Developer/Toolchains/XcodeDefault.xctoolchain/usr/bin/cpp  conftest.c
configure:4188: $? = 0
configure:4202: /Applications/Xcode.app/Contents/Developer/Toolchains/XcodeDefault.xctoolchain/usr/bin/cpp  conftest.c
conftest.c:9:10: fatal error: 'ac_nonexistent.h' file not found
#include <ac_nonexistent.h>
         ^
1 error generated.
configure:4202: $? = 1
configure: failed program was:
| /* confdefs.h */
| #define PACKAGE_NAME "libsrtp2"
| #define PACKAGE_TARNAME "libsrtp2"
| #define PACKAGE_VERSION "2.0.0-pre"
| #define PACKAGE_STRING "libsrtp2 2.0.0-pre"
| #define PACKAGE_BUGREPORT "https://github.com/cisco/libsrtp/issues"
| #define PACKAGE_URL ""
| /* end confdefs.h.  */
| #include <ac_nonexistent.h>
configure:4231: checking for grep that handles long lines and -e
configure:4289: result: /usr/bin/grep
configure:4294: checking for egrep
configure:4356: result: /usr/bin/grep -E
configure:4361: checking for ANSI C header files
configure:4381: /Applications/Xcode.app/Contents/Developer/Toolchains/XcodeDefault.xctoolchain/usr/bin/cc -c -arch x86_64 -mios-simulator-version-min=8.0 -isysroot /Applications/Xcode.app/Contents/Developer/Platforms/iPhoneSimulator.platform/Developer/SDKs/iPhoneSimulator8.4.sdk   conftest.c >&5
configure:4381: $? = 0
In file included from conftest.c:9:
In file included from /Applications/Xcode.app/Contents/Developer/Platforms/MacOSX.platform/Developer/SDKs/MacOSX10.10.sdk/usr/include/string.h:63:
In file included from /Applications/Xcode.app/Contents/Developer/Platforms/MacOSX.platform/Developer/SDKs/MacOSX10.10.sdk/usr/include/Availability.h:153:
/Applications/Xcode.app/Contents/Developer/Platforms/MacOSX.platform/Developer/SDKs/MacOSX10.10.sdk/usr/include/AvailabilityInternal.h:5858:10: error: unterminated conditional directive
        #if __MAC_OS_X_VERSION_MIN_REQUIRED >= __MAC_10_9
         ^
/Applications/Xcode.app/Contents/Developer/Platforms/MacOSX.platform/Developer/SDKs/MacOSX10.10.sdk/usr/include/AvailabilityInternal.h:5819:10: error: unterminated conditional directive
        #if __MAC_OS_X_VERSION_MIN_REQUIRED >= __MAC_10_8
         ^
/Applications/Xcode.app/Contents/Developer/Platforms/MacOSX.platform/Developer/SDKs/MacOSX10.10.sdk/usr/include/AvailabilityInternal.h:5784:10: error: unterminated conditional directive
        #if __MAC_OS_X_VERSION_MIN_REQUIRED >= __MAC_10_7
         ^
/Applications/Xcode.app/Contents/Developer/Platforms/MacOSX.platform/Developer/SDKs/MacOSX10.10.sdk/usr/include/AvailabilityInternal.h:5753:10: error: unterminated conditional directive
        #if __MAC_OS_X_VERSION_MIN_REQUIRED >= __MAC_10_6
         ^
/Applications/Xcode.app/Contents/Developer/Platforms/MacOSX.platform/Developer/SDKs/MacOSX10.10.sdk/usr/include/AvailabilityInternal.h:5726:10: error: unterminated conditional directive
        #if __MAC_OS_X_VERSION_MIN_REQUIRED >= __MAC_10_5
         ^
/Applications/Xcode.app/Contents/Developer/Platforms/MacOSX.platform/Developer/SDKs/MacOSX10.10.sdk/usr/include/AvailabilityInternal.h:5703:10: error: unterminated conditional directive
        #if __MAC_OS_X_VERSION_MIN_REQUIRED >= __MAC_10_4
         ^
/Applications/Xcode.app/Contents/Developer/Platforms/MacOSX.platform/Developer/SDKs/MacOSX10.10.sdk/usr/include/AvailabilityInternal.h:5684:10: error: unterminated conditional directive
        #if __MAC_OS_X_VERSION_MIN_REQUIRED >= __MAC_10_3
         ^
/Applications/Xcode.app/Contents/Developer/Platforms/MacOSX.platform/Developer/SDKs/MacOSX10.10.sdk/usr/include/AvailabilityInternal.h:5669:10: error: unterminated conditional directive
        #if __MAC_OS_X_VERSION_MIN_REQUIRED >= __MAC_10_2
         ^
/Applications/Xcode.app/Contents/Developer/Platforms/MacOSX.platform/Developer/SDKs/MacOSX10.10.sdk/usr/include/AvailabilityInternal.h:5658:10: error: unterminated conditional directive
        #if __MAC_OS_X_VERSION_MIN_REQUIRED >= __MAC_10_1
         ^
/Applications/Xcode.app/Contents/Developer/Platforms/MacOSX.platform/Developer/SDKs/MacOSX10.10.sdk/usr/include/AvailabilityInternal.h:58:2: error: unterminated conditional directive
#ifdef __IPHONE_OS_VERSION_MIN_REQUIRED
 ^
/Applications/Xcode.app/Contents/Developer/Platforms/MacOSX.platform/Developer/SDKs/MacOSX10.10.sdk/usr/include/AvailabilityInternal.h:30:2: error: unterminated conditional directive
#ifndef __AVAILABILITY_INTERNAL__
 ^
In file included from conftest.c:9:
In file included from /Applications/Xcode.app/Contents/Developer/Platforms/MacOSX.platform/Developer/SDKs/MacOSX10.10.sdk/usr/include/string.h:63:
/Applications/Xcode.app/Contents/Developer/Platforms/MacOSX.platform/Developer/SDKs/MacOSX10.10.sdk/usr/include/Availability.h:199:2: error: #else without #if
#else
 ^
/Applications/Xcode.app/Contents/Developer/Platforms/MacOSX.platform/Developer/SDKs/MacOSX10.10.sdk/usr/include/Availability.h:202:2: error: #endif without #if
#endif
 ^
/Applications/Xcode.app/Contents/Developer/Platforms/MacOSX.platform/Developer/SDKs/MacOSX10.10.sdk/usr/include/Availability.h:208:2: error: #endif without #if
#endif /* __AVAILABILITY__ */
 ^
In file included from conftest.c:9:
In file included from /Applications/Xcode.app/Contents/Developer/Platforms/MacOSX.platform/Developer/SDKs/MacOSX10.10.sdk/usr/include/string.h:176:
In file included from /Applications/Xcode.app/Contents/Developer/Platforms/MacOSX.platform/Developer/SDKs/MacOSX10.10.sdk/usr/include/strings.h:64:
/Applications/Xcode.app/Contents/Developer/Platforms/MacOSX.platform/Developer/SDKs/MacOSX10.10.sdk/usr/include/Availability.h:199:2: error: #else without #if
#else
 ^
/Applications/Xcode.app/Contents/Developer/Platforms/MacOSX.platform/Developer/SDKs/MacOSX10.10.sdk/usr/include/Availability.h:202:2: error: #endif without #if
#endif
 ^
/Applications/Xcode.app/Contents/Developer/Platforms/MacOSX.platform/Developer/SDKs/MacOSX10.10.sdk/usr/include/Availability.h:208:2: error: #endif without #if
#endif /* __AVAILABILITY__ */
 ^
In file included from conftest.c:9:
In file included from /Applications/Xcode.app/Contents/Developer/Platforms/MacOSX.platform/Developer/SDKs/MacOSX10.10.sdk/usr/include/string.h:186:
In file included from /Applications/Xcode.app/Contents/Developer/Platforms/MacOSX.platform/Developer/SDKs/MacOSX10.10.sdk/usr/include/secure/_string.h:31:
/Applications/Xcode.app/Contents/Developer/Platforms/MacOSX.platform/Developer/SDKs/MacOSX10.10.sdk/usr/include/Availability.h:199:2: error: #else without #if
#else
 ^
/Applications/Xcode.app/Contents/Developer/Platforms/MacOSX.platform/Developer/SDKs/MacOSX10.10.sdk/usr/include/Availability.h:202:2: error: #endif without #if
#endif
 ^
fatal error: too many errors emitted, stopping now [-ferror-limit=]
20 errors generated.
In file included from conftest.c:9:
In file included from /Applications/Xcode.app/Contents/Developer/Platforms/MacOSX.platform/Developer/SDKs/MacOSX10.10.sdk/usr/include/stdlib.h:61:
In file included from /Applications/Xcode.app/Contents/Developer/Platforms/MacOSX.platform/Developer/SDKs/MacOSX10.10.sdk/usr/include/Availability.h:153:
/Applications/Xcode.app/Contents/Developer/Platforms/MacOSX.platform/Developer/SDKs/MacOSX10.10.sdk/usr/include/AvailabilityInternal.h:5858:10: error: unterminated conditional directive
        #if __MAC_OS_X_VERSION_MIN_REQUIRED >= __MAC_10_9
         ^
/Applications/Xcode.app/Contents/Developer/Platforms/MacOSX.platform/Developer/SDKs/MacOSX10.10.sdk/usr/include/AvailabilityInternal.h:5819:10: error: unterminated conditional directive
        #if __MAC_OS_X_VERSION_MIN_REQUIRED >= __MAC_10_8
         ^
/Applications/Xcode.app/Contents/Developer/Platforms/MacOSX.platform/Developer/SDKs/MacOSX10.10.sdk/usr/include/AvailabilityInternal.h:5784:10: error: unterminated conditional directive
        #if __MAC_OS_X_VERSION_MIN_REQUIRED >= __MAC_10_7
         ^
/Applications/Xcode.app/Contents/Developer/Platforms/MacOSX.platform/Developer/SDKs/MacOSX10.10.sdk/usr/include/AvailabilityInternal.h:5753:10: error: unterminated conditional directive
        #if __MAC_OS_X_VERSION_MIN_REQUIRED >= __MAC_10_6
         ^
/Applications/Xcode.app/Contents/Developer/Platforms/MacOSX.platform/Developer/SDKs/MacOSX10.10.sdk/usr/include/AvailabilityInternal.h:5726:10: error: unterminated conditional directive
        #if __MAC_OS_X_VERSION_MIN_REQUIRED >= __MAC_10_5
         ^
/Applications/Xcode.app/Contents/Developer/Platforms/MacOSX.platform/Developer/SDKs/MacOSX10.10.sdk/usr/include/AvailabilityInternal.h:5703:10: error: unterminated conditional directive
        #if __MAC_OS_X_VERSION_MIN_REQUIRED >= __MAC_10_4
         ^
/Applications/Xcode.app/Contents/Developer/Platforms/MacOSX.platform/Developer/SDKs/MacOSX10.10.sdk/usr/include/AvailabilityInternal.h:5684:10: error: unterminated conditional directive
        #if __MAC_OS_X_VERSION_MIN_REQUIRED >= __MAC_10_3
         ^
/Applications/Xcode.app/Contents/Developer/Platforms/MacOSX.platform/Developer/SDKs/MacOSX10.10.sdk/usr/include/AvailabilityInternal.h:5669:10: error: unterminated conditional directive
        #if __MAC_OS_X_VERSION_MIN_REQUIRED >= __MAC_10_2
         ^
/Applications/Xcode.app/Contents/Developer/Platforms/MacOSX.platform/Developer/SDKs/MacOSX10.10.sdk/usr/include/AvailabilityInternal.h:5658:10: error: unterminated conditional directive
        #if __MAC_OS_X_VERSION_MIN_REQUIRED >= __MAC_10_1
         ^
/Applications/Xcode.app/Contents/Developer/Platforms/MacOSX.platform/Developer/SDKs/MacOSX10.10.sdk/usr/include/AvailabilityInternal.h:58:2: error: unterminated conditional directive
#ifdef __IPHONE_OS_VERSION_MIN_REQUIRED
 ^
/Applications/Xcode.app/Contents/Developer/Platforms/MacOSX.platform/Developer/SDKs/MacOSX10.10.sdk/usr/include/AvailabilityInternal.h:30:2: error: unterminated conditional directive
#ifndef __AVAILABILITY_INTERNAL__
 ^
In file included from conftest.c:9:
In file included from /Applications/Xcode.app/Contents/Developer/Platforms/MacOSX.platform/Developer/SDKs/MacOSX10.10.sdk/usr/include/stdlib.h:61:
/Applications/Xcode.app/Contents/Developer/Platforms/MacOSX.platform/Developer/SDKs/MacOSX10.10.sdk/usr/include/Availability.h:199:2: error: #else without #if
#else
 ^
/Applications/Xcode.app/Contents/Developer/Platforms/MacOSX.platform/Developer/SDKs/MacOSX10.10.sdk/usr/include/Availability.h:202:2: error: #endif without #if
#endif
 ^
/Applications/Xcode.app/Contents/Developer/Platforms/MacOSX.platform/Developer/SDKs/MacOSX10.10.sdk/usr/include/Availability.h:208:2: error: #endif without #if
#endif /* __AVAILABILITY__ */
 ^
In file included from conftest.c:9:
In file included from /Applications/Xcode.app/Contents/Developer/Platforms/MacOSX.platform/Developer/SDKs/MacOSX10.10.sdk/usr/include/stdlib.h:65:
In file included from /Applications/Xcode.app/Contents/Developer/Platforms/MacOSX.platform/Developer/SDKs/MacOSX10.10.sdk/usr/include/sys/wait.h:110:
In file included from /Applications/Xcode.app/Contents/Developer/Platforms/MacOSX.platform/Developer/SDKs/MacOSX10.10.sdk/usr/include/sys/resource.h:75:
/Applications/Xcode.app/Contents/Developer/Platforms/MacOSX.platform/Developer/SDKs/MacOSX10.10.sdk/usr/include/Availability.h:199:2: error: #else without #if
#else
 ^
/Applications/Xcode.app/Contents/Developer/Platforms/MacOSX.platform/Developer/SDKs/MacOSX10.10.sdk/usr/include/Availability.h:202:2: error: #endif without #if
#endif
 ^
/Applications/Xcode.app/Contents/Developer/Platforms/MacOSX.platform/Developer/SDKs/MacOSX10.10.sdk/usr/include/Availability.h:208:2: error: #endif without #if
#endif /* __AVAILABILITY__ */
 ^
17 errors generated.
configure:4454: /Applications/Xcode.app/Contents/Developer/Toolchains/XcodeDefault.xctoolchain/usr/bin/cc -o conftest -arch x86_64 -mios-simulator-version-min=8.0 -isysroot /Applications/Xcode.app/Contents/Developer/Platforms/iPhoneSimulator.platform/Developer/SDKs/iPhoneSimulator8.4.sdk   -arch x86_64 -mios-simulator-version-min=8.0 -isysroot /Applications/Xcode.app/Contents/Developer/Platforms/iPhoneSimulator.platform/Developer/SDKs/iPhoneSimulator8.4.sdk conftest.c  >&5
configure:4454: $? = 0
configure:4454: ./conftest
configure:4454: $? = 0
configure:4465: result: yes
configure:4478: checking for sys/types.h
configure:4478: /Applications/Xcode.app/Contents/Developer/Toolchains/XcodeDefault.xctoolchain/usr/bin/cc -c -arch x86_64 -mios-simulator-version-min=8.0 -isysroot /Applications/Xcode.app/Contents/Developer/Platforms/iPhoneSimulator.platform/Developer/SDKs/iPhoneSimulator8.4.sdk   conftest.c >&5
configure:4478: $? = 0
configure:4478: result: yes
configure:4478: checking for sys/stat.h
configure:4478: /Applications/Xcode.app/Contents/Developer/Toolchains/XcodeDefault.xctoolchain/usr/bin/cc -c -arch x86_64 -mios-simulator-version-min=8.0 -isysroot /Applications/Xcode.app/Contents/Developer/Platforms/iPhoneSimulator.platform/Developer/SDKs/iPhoneSimulator8.4.sdk   conftest.c >&5
configure:4478: $? = 0
configure:4478: result: yes
configure:4478: checking for stdlib.h
configure:4478: /Applications/Xcode.app/Contents/Developer/Toolchains/XcodeDefault.xctoolchain/usr/bin/cc -c -arch x86_64 -mios-simulator-version-min=8.0 -isysroot /Applications/Xcode.app/Contents/Developer/Platforms/iPhoneSimulator.platform/Developer/SDKs/iPhoneSimulator8.4.sdk   conftest.c >&5
configure:4478: $? = 0
configure:4478: result: yes
configure:4478: checking for string.h
configure:4478: /Applications/Xcode.app/Contents/Developer/Toolchains/XcodeDefault.xctoolchain/usr/bin/cc -c -arch x86_64 -mios-simulator-version-min=8.0 -isysroot /Applications/Xcode.app/Contents/Developer/Platforms/iPhoneSimulator.platform/Developer/SDKs/iPhoneSimulator8.4.sdk   conftest.c >&5
configure:4478: $? = 0
configure:4478: result: yes
configure:4478: checking for memory.h
configure:4478: /Applications/Xcode.app/Contents/Developer/Toolchains/XcodeDefault.xctoolchain/usr/bin/cc -c -arch x86_64 -mios-simulator-version-min=8.0 -isysroot /Applications/Xcode.app/Contents/Developer/Platforms/iPhoneSimulator.platform/Developer/SDKs/iPhoneSimulator8.4.sdk   conftest.c >&5
configure:4478: $? = 0
configure:4478: result: yes
configure:4478: checking for strings.h
configure:4478: /Applications/Xcode.app/Contents/Developer/Toolchains/XcodeDefault.xctoolchain/usr/bin/cc -c -arch x86_64 -mios-simulator-version-min=8.0 -isysroot /Applications/Xcode.app/Contents/Developer/Platforms/iPhoneSimulator.platform/Developer/SDKs/iPhoneSimulator8.4.sdk   conftest.c >&5
configure:4478: $? = 0
configure:4478: result: yes
configure:4478: checking for inttypes.h
configure:4478: /Applications/Xcode.app/Contents/Developer/Toolchains/XcodeDefault.xctoolchain/usr/bin/cc -c -arch x86_64 -mios-simulator-version-min=8.0 -isysroot /Applications/Xcode.app/Contents/Developer/Platforms/iPhoneSimulator.platform/Developer/SDKs/iPhoneSimulator8.4.sdk   conftest.c >&5
configure:4478: $? = 0
configure:4478: result: yes
configure:4478: checking for stdint.h
configure:4478: /Applications/Xcode.app/Contents/Developer/Toolchains/XcodeDefault.xctoolchain/usr/bin/cc -c -arch x86_64 -mios-simulator-version-min=8.0 -isysroot /Applications/Xcode.app/Contents/Developer/Platforms/iPhoneSimulator.platform/Developer/SDKs/iPhoneSimulator8.4.sdk   conftest.c >&5
configure:4478: $? = 0
configure:4478: result: yes
configure:4478: checking for unistd.h
configure:4478: /Applications/Xcode.app/Contents/Developer/Toolchains/XcodeDefault.xctoolchain/usr/bin/cc -c -arch x86_64 -mios-simulator-version-min=8.0 -isysroot /Applications/Xcode.app/Contents/Developer/Platforms/iPhoneSimulator.platform/Developer/SDKs/iPhoneSimulator8.4.sdk   conftest.c >&5
configure:4478: $? = 0
configure:4478: result: yes
configure:4490: checking whether byte ordering is bigendian
configure:4505: /Applications/Xcode.app/Contents/Developer/Toolchains/XcodeDefault.xctoolchain/usr/bin/cc -c -arch x86_64 -mios-simulator-version-min=8.0 -isysroot /Applications/Xcode.app/Contents/Developer/Platforms/iPhoneSimulator.platform/Developer/SDKs/iPhoneSimulator8.4.sdk   conftest.c >&5
configure:4505: $? = 0
configure:4550: /Applications/Xcode.app/Contents/Developer/Toolchains/XcodeDefault.xctoolchain/usr/bin/cc -c -arch x86_64 -mios-simulator-version-min=8.0 -isysroot /Applications/Xcode.app/Contents/Developer/Platforms/iPhoneSimulator.platform/Developer/SDKs/iPhoneSimulator8.4.sdk   conftest.c >&5
configure:4550: $? = 0
configure:4568: /Applications/Xcode.app/Contents/Developer/Toolchains/XcodeDefault.xctoolchain/usr/bin/cc -c -arch x86_64 -mios-simulator-version-min=8.0 -isysroot /Applications/Xcode.app/Contents/Developer/Platforms/iPhoneSimulator.platform/Developer/SDKs/iPhoneSimulator8.4.sdk   conftest.c >&5
conftest.c:26:4: error: use of undeclared identifier 'not'
                 not big endian
                 ^
1 error generated.
configure:4568: $? = 1
configure: failed program was:
| /* confdefs.h */
| #define PACKAGE_NAME "libsrtp2"
| #define PACKAGE_TARNAME "libsrtp2"
| #define PACKAGE_VERSION "2.0.0-pre"
| #define PACKAGE_STRING "libsrtp2 2.0.0-pre"
| #define PACKAGE_BUGREPORT "https://github.com/cisco/libsrtp/issues"
| #define PACKAGE_URL ""
| #define STDC_HEADERS 1
| #define HAVE_SYS_TYPES_H 1
| #define HAVE_SYS_STAT_H 1
| #define HAVE_STDLIB_H 1
| #define HAVE_STRING_H 1
| #define HAVE_MEMORY_H 1
| #define HAVE_STRINGS_H 1
| #define HAVE_INTTYPES_H 1
| #define HAVE_STDINT_H 1
| #define HAVE_UNISTD_H 1
| /* end confdefs.h.  */
| #include <sys/types.h>
| 		#include <sys/param.h>
| 
| int
| main ()
| {
| #if BYTE_ORDER != BIG_ENDIAN
| 		 not big endian
| 		#endif
| 
|   ;
|   return 0;
| }
configure:4696: result: no
configure:4719: checking build system type
configure:4733: result: x86_64-apple-darwin14.4.0
configure:4753: checking host system type
configure:4766: result: x86_64-apple-darwin
configure:4814: checking for /dev/urandom
configure:4827: result: yes
configure:4857: checking for ANSI C header files
configure:4961: result: yes
configure:4971: checking for stdlib.h
configure:4971: result: yes
configure:4983: checking for unistd.h
configure:4983: result: yes
configure:4995: checking byteswap.h usability
configure:4995: /Applications/Xcode.app/Contents/Developer/Toolchains/XcodeDefault.xctoolchain/usr/bin/cc -c -arch x86_64 -mios-simulator-version-min=8.0 -isysroot /Applications/Xcode.app/Contents/Developer/Platforms/iPhoneSimulator.platform/Developer/SDKs/iPhoneSimulator8.4.sdk   conftest.c >&5
conftest.c:57:10: fatal error: 'byteswap.h' file not found
#include <byteswap.h>
         ^
1 error generated.
configure:4995: $? = 1
configure: failed program was:
| /* confdefs.h */
| #define PACKAGE_NAME "libsrtp2"
| #define PACKAGE_TARNAME "libsrtp2"
| #define PACKAGE_VERSION "2.0.0-pre"
| #define PACKAGE_STRING "libsrtp2 2.0.0-pre"
| #define PACKAGE_BUGREPORT "https://github.com/cisco/libsrtp/issues"
| #define PACKAGE_URL ""
| #define STDC_HEADERS 1
| #define HAVE_SYS_TYPES_H 1
| #define HAVE_SYS_STAT_H 1
| #define HAVE_STDLIB_H 1
| #define HAVE_STRING_H 1
| #define HAVE_MEMORY_H 1
| #define HAVE_STRINGS_H 1
| #define HAVE_INTTYPES_H 1
| #define HAVE_STDINT_H 1
| #define HAVE_UNISTD_H 1
| #define CPU_CISC 1
| #define HAVE_X86 1
| #define STDC_HEADERS 1
| #define HAVE_STDLIB_H 1
| #define HAVE_UNISTD_H 1
| /* end confdefs.h.  */
| #include <stdio.h>
| #ifdef HAVE_SYS_TYPES_H
| # include <sys/types.h>
| #endif
| #ifdef HAVE_SYS_STAT_H
| # include <sys/stat.h>
| #endif
| #ifdef STDC_HEADERS
| # include <stdlib.h>
| # include <stddef.h>
| #else
| # ifdef HAVE_STDLIB_H
| #  include <stdlib.h>
| # endif
| #endif
| #ifdef HAVE_STRING_H
| # if !defined STDC_HEADERS && defined HAVE_MEMORY_H
| #  include <memory.h>
| # endif
| # include <string.h>
| #endif
| #ifdef HAVE_STRINGS_H
| # include <strings.h>
| #endif
| #ifdef HAVE_INTTYPES_H
| # include <inttypes.h>
| #endif
| #ifdef HAVE_STDINT_H
| # include <stdint.h>
| #endif
| #ifdef HAVE_UNISTD_H
| # include <unistd.h>
| #endif
| #include <byteswap.h>
configure:4995: result: no
configure:4995: checking byteswap.h presence
configure:4995: /Applications/Xcode.app/Contents/Developer/Toolchains/XcodeDefault.xctoolchain/usr/bin/cpp  conftest.c
conftest.c:24:10: fatal error: 'byteswap.h' file not found
#include <byteswap.h>
         ^
1 error generated.
configure:4995: $? = 1
configure: failed program was:
| /* confdefs.h */
| #define PACKAGE_NAME "libsrtp2"
| #define PACKAGE_TARNAME "libsrtp2"
| #define PACKAGE_VERSION "2.0.0-pre"
| #define PACKAGE_STRING "libsrtp2 2.0.0-pre"
| #define PACKAGE_BUGREPORT "https://github.com/cisco/libsrtp/issues"
| #define PACKAGE_URL ""
| #define STDC_HEADERS 1
| #define HAVE_SYS_TYPES_H 1
| #define HAVE_SYS_STAT_H 1
| #define HAVE_STDLIB_H 1
| #define HAVE_STRING_H 1
| #define HAVE_MEMORY_H 1
| #define HAVE_STRINGS_H 1
| #define HAVE_INTTYPES_H 1
| #define HAVE_STDINT_H 1
| #define HAVE_UNISTD_H 1
| #define CPU_CISC 1
| #define HAVE_X86 1
| #define STDC_HEADERS 1
| #define HAVE_STDLIB_H 1
| #define HAVE_UNISTD_H 1
| /* end confdefs.h.  */
| #include <byteswap.h>
configure:4995: result: no
configure:4995: checking for byteswap.h
configure:4995: result: no
configure:5007: checking for stdint.h
configure:5007: result: yes
configure:5019: checking sys/uio.h usability
configure:5019: /Applications/Xcode.app/Contents/Developer/Toolchains/XcodeDefault.xctoolchain/usr/bin/cc -c -arch x86_64 -mios-simulator-version-min=8.0 -isysroot /Applications/Xcode.app/Contents/Developer/Platforms/iPhoneSimulator.platform/Developer/SDKs/iPhoneSimulator8.4.sdk   conftest.c >&5
configure:5019: $? = 0
configure:5019: result: yes
configure:5019: checking sys/uio.h presence
configure:5019: /Applications/Xcode.app/Contents/Developer/Toolchains/XcodeDefault.xctoolchain/usr/bin/cpp  conftest.c
configure:5019: $? = 0
configure:5019: result: yes
configure:5019: checking for sys/uio.h
configure:5019: result: yes
configure:5031: checking for inttypes.h
configure:5031: result: yes
configure:5043: checking for sys/types.h
configure:5043: result: yes
configure:5055: checking machine/types.h usability
configure:5055: /Applications/Xcode.app/Contents/Developer/Toolchains/XcodeDefault.xctoolchain/usr/bin/cc -c -arch x86_64 -mios-simulator-version-min=8.0 -isysroot /Applications/Xcode.app/Contents/Developer/Platforms/iPhoneSimulator.platform/Developer/SDKs/iPhoneSimulator8.4.sdk   conftest.c >&5
configure:5055: $? = 0
configure:5055: result: yes
configure:5055: checking machine/types.h presence
configure:5055: /Applications/Xcode.app/Contents/Developer/Toolchains/XcodeDefault.xctoolchain/usr/bin/cpp  conftest.c
configure:5055: $? = 0
configure:5055: result: yes
configure:5055: checking for machine/types.h
configure:5055: result: yes
configure:5067: checking sys/int_types.h usability
configure:5067: /Applications/Xcode.app/Contents/Developer/Toolchains/XcodeDefault.xctoolchain/usr/bin/cc -c -arch x86_64 -mios-simulator-version-min=8.0 -isysroot /Applications/Xcode.app/Contents/Developer/Platforms/iPhoneSimulator.platform/Developer/SDKs/iPhoneSimulator8.4.sdk   conftest.c >&5
conftest.c:62:10: fatal error: 'sys/int_types.h' file not found
#include <sys/int_types.h>
         ^
1 error generated.
configure:5067: $? = 1
configure: failed program was:
| /* confdefs.h */
| #define PACKAGE_NAME "libsrtp2"
| #define PACKAGE_TARNAME "libsrtp2"
| #define PACKAGE_VERSION "2.0.0-pre"
| #define PACKAGE_STRING "libsrtp2 2.0.0-pre"
| #define PACKAGE_BUGREPORT "https://github.com/cisco/libsrtp/issues"
| #define PACKAGE_URL ""
| #define STDC_HEADERS 1
| #define HAVE_SYS_TYPES_H 1
| #define HAVE_SYS_STAT_H 1
| #define HAVE_STDLIB_H 1
| #define HAVE_STRING_H 1
| #define HAVE_MEMORY_H 1
| #define HAVE_STRINGS_H 1
| #define HAVE_INTTYPES_H 1
| #define HAVE_STDINT_H 1
| #define HAVE_UNISTD_H 1
| #define CPU_CISC 1
| #define HAVE_X86 1
| #define STDC_HEADERS 1
| #define HAVE_STDLIB_H 1
| #define HAVE_UNISTD_H 1
| #define HAVE_STDINT_H 1
| #define HAVE_SYS_UIO_H 1
| #define HAVE_INTTYPES_H 1
| #define HAVE_SYS_TYPES_H 1
| #define HAVE_MACHINE_TYPES_H 1
| /* end confdefs.h.  */
| #include <stdio.h>
| #ifdef HAVE_SYS_TYPES_H
| # include <sys/types.h>
| #endif
| #ifdef HAVE_SYS_STAT_H
| # include <sys/stat.h>
| #endif
| #ifdef STDC_HEADERS
| # include <stdlib.h>
| # include <stddef.h>
| #else
| # ifdef HAVE_STDLIB_H
| #  include <stdlib.h>
| # endif
| #endif
| #ifdef HAVE_STRING_H
| # if !defined STDC_HEADERS && defined HAVE_MEMORY_H
| #  include <memory.h>
| # endif
| # include <string.h>
| #endif
| #ifdef HAVE_STRINGS_H
| # include <strings.h>
| #endif
| #ifdef HAVE_INTTYPES_H
| # include <inttypes.h>
| #endif
| #ifdef HAVE_STDINT_H
| # include <stdint.h>
| #endif
| #ifdef HAVE_UNISTD_H
| # include <unistd.h>
| #endif
| #include <sys/int_types.h>
configure:5067: result: no
configure:5067: checking sys/int_types.h presence
configure:5067: /Applications/Xcode.app/Contents/Developer/Toolchains/XcodeDefault.xctoolchain/usr/bin/cpp  conftest.c
conftest.c:29:10: fatal error: 'sys/int_types.h' file not found
#include <sys/int_types.h>
         ^
1 error generated.
configure:5067: $? = 1
configure: failed program was:
| /* confdefs.h */
| #define PACKAGE_NAME "libsrtp2"
| #define PACKAGE_TARNAME "libsrtp2"
| #define PACKAGE_VERSION "2.0.0-pre"
| #define PACKAGE_STRING "libsrtp2 2.0.0-pre"
| #define PACKAGE_BUGREPORT "https://github.com/cisco/libsrtp/issues"
| #define PACKAGE_URL ""
| #define STDC_HEADERS 1
| #define HAVE_SYS_TYPES_H 1
| #define HAVE_SYS_STAT_H 1
| #define HAVE_STDLIB_H 1
| #define HAVE_STRING_H 1
| #define HAVE_MEMORY_H 1
| #define HAVE_STRINGS_H 1
| #define HAVE_INTTYPES_H 1
| #define HAVE_STDINT_H 1
| #define HAVE_UNISTD_H 1
| #define CPU_CISC 1
| #define HAVE_X86 1
| #define STDC_HEADERS 1
| #define HAVE_STDLIB_H 1
| #define HAVE_UNISTD_H 1
| #define HAVE_STDINT_H 1
| #define HAVE_SYS_UIO_H 1
| #define HAVE_INTTYPES_H 1
| #define HAVE_SYS_TYPES_H 1
| #define HAVE_MACHINE_TYPES_H 1
| /* end confdefs.h.  */
| #include <sys/int_types.h>
configure:5067: result: no
configure:5067: checking for sys/int_types.h
configure:5067: result: no
configure:5081: checking sys/socket.h usability
configure:5081: /Applications/Xcode.app/Contents/Developer/Toolchains/XcodeDefault.xctoolchain/usr/bin/cc -c -arch x86_64 -mios-simulator-version-min=8.0 -isysroot /Applications/Xcode.app/Contents/Developer/Platforms/iPhoneSimulator.platform/Developer/SDKs/iPhoneSimulator8.4.sdk   conftest.c >&5
configure:5081: $? = 0
configure:5081: result: yes
configure:5081: checking sys/socket.h presence
configure:5081: /Applications/Xcode.app/Contents/Developer/Toolchains/XcodeDefault.xctoolchain/usr/bin/cpp  conftest.c
In file included from conftest.c:29:
In file included from /Applications/Xcode.app/Contents/Developer/Platforms/MacOSX.platform/Developer/SDKs/MacOSX10.10.sdk/usr/include/sys/socket.h:80:
In file included from /Applications/Xcode.app/Contents/Developer/Platforms/MacOSX.platform/Developer/SDKs/MacOSX10.10.sdk/usr/include/Availability.h:153:
/Applications/Xcode.app/Contents/Developer/Platforms/MacOSX.platform/Developer/SDKs/MacOSX10.10.sdk/usr/include/AvailabilityInternal.h:5858:10: error: unterminated conditional directive
        #if __MAC_OS_X_VERSION_MIN_REQUIRED >= __MAC_10_9
         ^
/Applications/Xcode.app/Contents/Developer/Platforms/MacOSX.platform/Developer/SDKs/MacOSX10.10.sdk/usr/include/AvailabilityInternal.h:5819:10: error: unterminated conditional directive
        #if __MAC_OS_X_VERSION_MIN_REQUIRED >= __MAC_10_8
         ^
/Applications/Xcode.app/Contents/Developer/Platforms/MacOSX.platform/Developer/SDKs/MacOSX10.10.sdk/usr/include/AvailabilityInternal.h:5784:10: error: unterminated conditional directive
        #if __MAC_OS_X_VERSION_MIN_REQUIRED >= __MAC_10_7
         ^
/Applications/Xcode.app/Contents/Developer/Platforms/MacOSX.platform/Developer/SDKs/MacOSX10.10.sdk/usr/include/AvailabilityInternal.h:5753:10: error: unterminated conditional directive
        #if __MAC_OS_X_VERSION_MIN_REQUIRED >= __MAC_10_6
         ^
/Applications/Xcode.app/Contents/Developer/Platforms/MacOSX.platform/Developer/SDKs/MacOSX10.10.sdk/usr/include/AvailabilityInternal.h:5726:10: error: unterminated conditional directive
        #if __MAC_OS_X_VERSION_MIN_REQUIRED >= __MAC_10_5
         ^
/Applications/Xcode.app/Contents/Developer/Platforms/MacOSX.platform/Developer/SDKs/MacOSX10.10.sdk/usr/include/AvailabilityInternal.h:5703:10: error: unterminated conditional directive
        #if __MAC_OS_X_VERSION_MIN_REQUIRED >= __MAC_10_4
         ^
/Applications/Xcode.app/Contents/Developer/Platforms/MacOSX.platform/Developer/SDKs/MacOSX10.10.sdk/usr/include/AvailabilityInternal.h:5684:10: error: unterminated conditional directive
        #if __MAC_OS_X_VERSION_MIN_REQUIRED >= __MAC_10_3
         ^
/Applications/Xcode.app/Contents/Developer/Platforms/MacOSX.platform/Developer/SDKs/MacOSX10.10.sdk/usr/include/AvailabilityInternal.h:5669:10: error: unterminated conditional directive
        #if __MAC_OS_X_VERSION_MIN_REQUIRED >= __MAC_10_2
         ^
/Applications/Xcode.app/Contents/Developer/Platforms/MacOSX.platform/Developer/SDKs/MacOSX10.10.sdk/usr/include/AvailabilityInternal.h:5658:10: error: unterminated conditional directive
        #if __MAC_OS_X_VERSION_MIN_REQUIRED >= __MAC_10_1
         ^
/Applications/Xcode.app/Contents/Developer/Platforms/MacOSX.platform/Developer/SDKs/MacOSX10.10.sdk/usr/include/AvailabilityInternal.h:58:2: error: unterminated conditional directive
#ifdef __IPHONE_OS_VERSION_MIN_REQUIRED
 ^
/Applications/Xcode.app/Contents/Developer/Platforms/MacOSX.platform/Developer/SDKs/MacOSX10.10.sdk/usr/include/AvailabilityInternal.h:30:2: error: unterminated conditional directive
#ifndef __AVAILABILITY_INTERNAL__
 ^
In file included from conftest.c:29:
In file included from /Applications/Xcode.app/Contents/Developer/Platforms/MacOSX.platform/Developer/SDKs/MacOSX10.10.sdk/usr/include/sys/socket.h:80:
/Applications/Xcode.app/Contents/Developer/Platforms/MacOSX.platform/Developer/SDKs/MacOSX10.10.sdk/usr/include/Availability.h:199:2: error: #else without #if
#else
 ^
/Applications/Xcode.app/Contents/Developer/Platforms/MacOSX.platform/Developer/SDKs/MacOSX10.10.sdk/usr/include/Availability.h:202:2: error: #endif without #if
#endif
 ^
/Applications/Xcode.app/Contents/Developer/Platforms/MacOSX.platform/Developer/SDKs/MacOSX10.10.sdk/usr/include/Availability.h:208:2: error: #endif without #if
#endif /* __AVAILABILITY__ */
 ^
14 errors generated.
configure:5081: $? = 1
configure: failed program was:
| /* confdefs.h */
| #define PACKAGE_NAME "libsrtp2"
| #define PACKAGE_TARNAME "libsrtp2"
| #define PACKAGE_VERSION "2.0.0-pre"
| #define PACKAGE_STRING "libsrtp2 2.0.0-pre"
| #define PACKAGE_BUGREPORT "https://github.com/cisco/libsrtp/issues"
| #define PACKAGE_URL ""
| #define STDC_HEADERS 1
| #define HAVE_SYS_TYPES_H 1
| #define HAVE_SYS_STAT_H 1
| #define HAVE_STDLIB_H 1
| #define HAVE_STRING_H 1
| #define HAVE_MEMORY_H 1
| #define HAVE_STRINGS_H 1
| #define HAVE_INTTYPES_H 1
| #define HAVE_STDINT_H 1
| #define HAVE_UNISTD_H 1
| #define CPU_CISC 1
| #define HAVE_X86 1
| #define STDC_HEADERS 1
| #define HAVE_STDLIB_H 1
| #define HAVE_UNISTD_H 1
| #define HAVE_STDINT_H 1
| #define HAVE_SYS_UIO_H 1
| #define HAVE_INTTYPES_H 1
| #define HAVE_SYS_TYPES_H 1
| #define HAVE_MACHINE_TYPES_H 1
| /* end confdefs.h.  */
| #include <sys/socket.h>
configure:5081: result: no
configure:5081: WARNING: sys/socket.h: accepted by the compiler, rejected by the preprocessor!
configure:5081: WARNING: sys/socket.h: proceeding with the compiler's result
configure:5081: checking for sys/socket.h
configure:5081: result: yes
configure:5081: checking netinet/in.h usability
configure:5081: /Applications/Xcode.app/Contents/Developer/Toolchains/XcodeDefault.xctoolchain/usr/bin/cc -c -arch x86_64 -mios-simulator-version-min=8.0 -isysroot /Applications/Xcode.app/Contents/Developer/Platforms/iPhoneSimulator.platform/Developer/SDKs/iPhoneSimulator8.4.sdk   conftest.c >&5
configure:5081: $? = 0
configure:5081: result: yes
configure:5081: checking netinet/in.h presence
configure:5081: /Applications/Xcode.app/Contents/Developer/Toolchains/XcodeDefault.xctoolchain/usr/bin/cpp  conftest.c
In file included from conftest.c:30:
In file included from /Applications/Xcode.app/Contents/Developer/Platforms/MacOSX.platform/Developer/SDKs/MacOSX10.10.sdk/usr/include/netinet/in.h:70:
In file included from /Applications/Xcode.app/Contents/Developer/Platforms/MacOSX.platform/Developer/SDKs/MacOSX10.10.sdk/usr/include/Availability.h:153:
/Applications/Xcode.app/Contents/Developer/Platforms/MacOSX.platform/Developer/SDKs/MacOSX10.10.sdk/usr/include/AvailabilityInternal.h:5858:10: error: unterminated conditional directive
        #if __MAC_OS_X_VERSION_MIN_REQUIRED >= __MAC_10_9
         ^
/Applications/Xcode.app/Contents/Developer/Platforms/MacOSX.platform/Developer/SDKs/MacOSX10.10.sdk/usr/include/AvailabilityInternal.h:5819:10: error: unterminated conditional directive
        #if __MAC_OS_X_VERSION_MIN_REQUIRED >= __MAC_10_8
         ^
/Applications/Xcode.app/Contents/Developer/Platforms/MacOSX.platform/Developer/SDKs/MacOSX10.10.sdk/usr/include/AvailabilityInternal.h:5784:10: error: unterminated conditional directive
        #if __MAC_OS_X_VERSION_MIN_REQUIRED >= __MAC_10_7
         ^
/Applications/Xcode.app/Contents/Developer/Platforms/MacOSX.platform/Developer/SDKs/MacOSX10.10.sdk/usr/include/AvailabilityInternal.h:5753:10: error: unterminated conditional directive
        #if __MAC_OS_X_VERSION_MIN_REQUIRED >= __MAC_10_6
         ^
/Applications/Xcode.app/Contents/Developer/Platforms/MacOSX.platform/Developer/SDKs/MacOSX10.10.sdk/usr/include/AvailabilityInternal.h:5726:10: error: unterminated conditional directive
        #if __MAC_OS_X_VERSION_MIN_REQUIRED >= __MAC_10_5
         ^
/Applications/Xcode.app/Contents/Developer/Platforms/MacOSX.platform/Developer/SDKs/MacOSX10.10.sdk/usr/include/AvailabilityInternal.h:5703:10: error: unterminated conditional directive
        #if __MAC_OS_X_VERSION_MIN_REQUIRED >= __MAC_10_4
         ^
/Applications/Xcode.app/Contents/Developer/Platforms/MacOSX.platform/Developer/SDKs/MacOSX10.10.sdk/usr/include/AvailabilityInternal.h:5684:10: error: unterminated conditional directive
        #if __MAC_OS_X_VERSION_MIN_REQUIRED >= __MAC_10_3
         ^
/Applications/Xcode.app/Contents/Developer/Platforms/MacOSX.platform/Developer/SDKs/MacOSX10.10.sdk/usr/include/AvailabilityInternal.h:5669:10: error: unterminated conditional directive
        #if __MAC_OS_X_VERSION_MIN_REQUIRED >= __MAC_10_2
         ^
/Applications/Xcode.app/Contents/Developer/Platforms/MacOSX.platform/Developer/SDKs/MacOSX10.10.sdk/usr/include/AvailabilityInternal.h:5658:10: error: unterminated conditional directive
        #if __MAC_OS_X_VERSION_MIN_REQUIRED >= __MAC_10_1
         ^
/Applications/Xcode.app/Contents/Developer/Platforms/MacOSX.platform/Developer/SDKs/MacOSX10.10.sdk/usr/include/AvailabilityInternal.h:58:2: error: unterminated conditional directive
#ifdef __IPHONE_OS_VERSION_MIN_REQUIRED
 ^
/Applications/Xcode.app/Contents/Developer/Platforms/MacOSX.platform/Developer/SDKs/MacOSX10.10.sdk/usr/include/AvailabilityInternal.h:30:2: error: unterminated conditional directive
#ifndef __AVAILABILITY_INTERNAL__
 ^
In file included from conftest.c:30:
In file included from /Applications/Xcode.app/Contents/Developer/Platforms/MacOSX.platform/Developer/SDKs/MacOSX10.10.sdk/usr/include/netinet/in.h:70:
/Applications/Xcode.app/Contents/Developer/Platforms/MacOSX.platform/Developer/SDKs/MacOSX10.10.sdk/usr/include/Availability.h:199:2: error: #else without #if
#else
 ^
/Applications/Xcode.app/Contents/Developer/Platforms/MacOSX.platform/Developer/SDKs/MacOSX10.10.sdk/usr/include/Availability.h:202:2: error: #endif without #if
#endif
 ^
/Applications/Xcode.app/Contents/Developer/Platforms/MacOSX.platform/Developer/SDKs/MacOSX10.10.sdk/usr/include/Availability.h:208:2: error: #endif without #if
#endif /* __AVAILABILITY__ */
 ^
In file included from conftest.c:30:
In file included from /Applications/Xcode.app/Contents/Developer/Platforms/MacOSX.platform/Developer/SDKs/MacOSX10.10.sdk/usr/include/netinet/in.h:81:
In file included from /Applications/Xcode.app/Contents/Developer/Platforms/MacOSX.platform/Developer/SDKs/MacOSX10.10.sdk/usr/include/sys/socket.h:80:
/Applications/Xcode.app/Contents/Developer/Platforms/MacOSX.platform/Developer/SDKs/MacOSX10.10.sdk/usr/include/Availability.h:199:2: error: #else without #if
#else
 ^
/Applications/Xcode.app/Contents/Developer/Platforms/MacOSX.platform/Developer/SDKs/MacOSX10.10.sdk/usr/include/Availability.h:202:2: error: #endif without #if
#endif
 ^
/Applications/Xcode.app/Contents/Developer/Platforms/MacOSX.platform/Developer/SDKs/MacOSX10.10.sdk/usr/include/Availability.h:208:2: error: #endif without #if
#endif /* __AVAILABILITY__ */
 ^
17 errors generated.
configure:5081: $? = 1
configure: failed program was:
| /* confdefs.h */
| #define PACKAGE_NAME "libsrtp2"
| #define PACKAGE_TARNAME "libsrtp2"
| #define PACKAGE_VERSION "2.0.0-pre"
| #define PACKAGE_STRING "libsrtp2 2.0.0-pre"
| #define PACKAGE_BUGREPORT "https://github.com/cisco/libsrtp/issues"
| #define PACKAGE_URL ""
| #define STDC_HEADERS 1
| #define HAVE_SYS_TYPES_H 1
| #define HAVE_SYS_STAT_H 1
| #define HAVE_STDLIB_H 1
| #define HAVE_STRING_H 1
| #define HAVE_MEMORY_H 1
| #define HAVE_STRINGS_H 1
| #define HAVE_INTTYPES_H 1
| #define HAVE_STDINT_H 1
| #define HAVE_UNISTD_H 1
| #define CPU_CISC 1
| #define HAVE_X86 1
| #define STDC_HEADERS 1
| #define HAVE_STDLIB_H 1
| #define HAVE_UNISTD_H 1
| #define HAVE_STDINT_H 1
| #define HAVE_SYS_UIO_H 1
| #define HAVE_INTTYPES_H 1
| #define HAVE_SYS_TYPES_H 1
| #define HAVE_MACHINE_TYPES_H 1
| #define HAVE_SYS_SOCKET_H 1
| /* end confdefs.h.  */
| #include <netinet/in.h>
configure:5081: result: no
configure:5081: WARNING: netinet/in.h: accepted by the compiler, rejected by the preprocessor!
configure:5081: WARNING: netinet/in.h: proceeding with the compiler's result
configure:5081: checking for netinet/in.h
configure:5081: result: yes
configure:5081: checking arpa/inet.h usability
configure:5081: /Applications/Xcode.app/Contents/Developer/Toolchains/XcodeDefault.xctoolchain/usr/bin/cc -c -arch x86_64 -mios-simulator-version-min=8.0 -isysroot /Applications/Xcode.app/Contents/Developer/Platforms/iPhoneSimulator.platform/Developer/SDKs/iPhoneSimulator8.4.sdk   conftest.c >&5
configure:5081: $? = 0
configure:5081: result: yes
configure:5081: checking arpa/inet.h presence
configure:5081: /Applications/Xcode.app/Contents/Developer/Toolchains/XcodeDefault.xctoolchain/usr/bin/cpp  conftest.c
In file included from conftest.c:31:
In file included from /Applications/Xcode.app/Contents/Developer/Platforms/MacOSX.platform/Developer/SDKs/MacOSX10.10.sdk/usr/include/arpa/inet.h:71:
In file included from /Applications/Xcode.app/Contents/Developer/Platforms/MacOSX.platform/Developer/SDKs/MacOSX10.10.sdk/usr/include/netinet/in.h:70:
In file included from /Applications/Xcode.app/Contents/Developer/Platforms/MacOSX.platform/Developer/SDKs/MacOSX10.10.sdk/usr/include/Availability.h:153:
/Applications/Xcode.app/Contents/Developer/Platforms/MacOSX.platform/Developer/SDKs/MacOSX10.10.sdk/usr/include/AvailabilityInternal.h:5858:10: error: unterminated conditional directive
        #if __MAC_OS_X_VERSION_MIN_REQUIRED >= __MAC_10_9
         ^
/Applications/Xcode.app/Contents/Developer/Platforms/MacOSX.platform/Developer/SDKs/MacOSX10.10.sdk/usr/include/AvailabilityInternal.h:5819:10: error: unterminated conditional directive
        #if __MAC_OS_X_VERSION_MIN_REQUIRED >= __MAC_10_8
         ^
/Applications/Xcode.app/Contents/Developer/Platforms/MacOSX.platform/Developer/SDKs/MacOSX10.10.sdk/usr/include/AvailabilityInternal.h:5784:10: error: unterminated conditional directive
        #if __MAC_OS_X_VERSION_MIN_REQUIRED >= __MAC_10_7
         ^
/Applications/Xcode.app/Contents/Developer/Platforms/MacOSX.platform/Developer/SDKs/MacOSX10.10.sdk/usr/include/AvailabilityInternal.h:5753:10: error: unterminated conditional directive
        #if __MAC_OS_X_VERSION_MIN_REQUIRED >= __MAC_10_6
         ^
/Applications/Xcode.app/Contents/Developer/Platforms/MacOSX.platform/Developer/SDKs/MacOSX10.10.sdk/usr/include/AvailabilityInternal.h:5726:10: error: unterminated conditional directive
        #if __MAC_OS_X_VERSION_MIN_REQUIRED >= __MAC_10_5
         ^
/Applications/Xcode.app/Contents/Developer/Platforms/MacOSX.platform/Developer/SDKs/MacOSX10.10.sdk/usr/include/AvailabilityInternal.h:5703:10: error: unterminated conditional directive
        #if __MAC_OS_X_VERSION_MIN_REQUIRED >= __MAC_10_4
         ^
/Applications/Xcode.app/Contents/Developer/Platforms/MacOSX.platform/Developer/SDKs/MacOSX10.10.sdk/usr/include/AvailabilityInternal.h:5684:10: error: unterminated conditional directive
        #if __MAC_OS_X_VERSION_MIN_REQUIRED >= __MAC_10_3
         ^
/Applications/Xcode.app/Contents/Developer/Platforms/MacOSX.platform/Developer/SDKs/MacOSX10.10.sdk/usr/include/AvailabilityInternal.h:5669:10: error: unterminated conditional directive
        #if __MAC_OS_X_VERSION_MIN_REQUIRED >= __MAC_10_2
         ^
/Applications/Xcode.app/Contents/Developer/Platforms/MacOSX.platform/Developer/SDKs/MacOSX10.10.sdk/usr/include/AvailabilityInternal.h:5658:10: error: unterminated conditional directive
        #if __MAC_OS_X_VERSION_MIN_REQUIRED >= __MAC_10_1
         ^
/Applications/Xcode.app/Contents/Developer/Platforms/MacOSX.platform/Developer/SDKs/MacOSX10.10.sdk/usr/include/AvailabilityInternal.h:58:2: error: unterminated conditional directive
#ifdef __IPHONE_OS_VERSION_MIN_REQUIRED
 ^
/Applications/Xcode.app/Contents/Developer/Platforms/MacOSX.platform/Developer/SDKs/MacOSX10.10.sdk/usr/include/AvailabilityInternal.h:30:2: error: unterminated conditional directive
#ifndef __AVAILABILITY_INTERNAL__
 ^
In file included from conftest.c:31:
In file included from /Applications/Xcode.app/Contents/Developer/Platforms/MacOSX.platform/Developer/SDKs/MacOSX10.10.sdk/usr/include/arpa/inet.h:71:
In file included from /Applications/Xcode.app/Contents/Developer/Platforms/MacOSX.platform/Developer/SDKs/MacOSX10.10.sdk/usr/include/netinet/in.h:70:
/Applications/Xcode.app/Contents/Developer/Platforms/MacOSX.platform/Developer/SDKs/MacOSX10.10.sdk/usr/include/Availability.h:199:2: error: #else without #if
#else
 ^
/Applications/Xcode.app/Contents/Developer/Platforms/MacOSX.platform/Developer/SDKs/MacOSX10.10.sdk/usr/include/Availability.h:202:2: error: #endif without #if
#endif
 ^
/Applications/Xcode.app/Contents/Developer/Platforms/MacOSX.platform/Developer/SDKs/MacOSX10.10.sdk/usr/include/Availability.h:208:2: error: #endif without #if
#endif /* __AVAILABILITY__ */
 ^
In file included from conftest.c:31:
In file included from /Applications/Xcode.app/Contents/Developer/Platforms/MacOSX.platform/Developer/SDKs/MacOSX10.10.sdk/usr/include/arpa/inet.h:71:
In file included from /Applications/Xcode.app/Contents/Developer/Platforms/MacOSX.platform/Developer/SDKs/MacOSX10.10.sdk/usr/include/netinet/in.h:81:
In file included from /Applications/Xcode.app/Contents/Developer/Platforms/MacOSX.platform/Developer/SDKs/MacOSX10.10.sdk/usr/include/sys/socket.h:80:
/Applications/Xcode.app/Contents/Developer/Platforms/MacOSX.platform/Developer/SDKs/MacOSX10.10.sdk/usr/include/Availability.h:199:2: error: #else without #if
#else
 ^
/Applications/Xcode.app/Contents/Developer/Platforms/MacOSX.platform/Developer/SDKs/MacOSX10.10.sdk/usr/include/Availability.h:202:2: error: #endif without #if
#endif
 ^
/Applications/Xcode.app/Contents/Developer/Platforms/MacOSX.platform/Developer/SDKs/MacOSX10.10.sdk/usr/include/Availability.h:208:2: error: #endif without #if
#endif /* __AVAILABILITY__ */
 ^
17 errors generated.
configure:5081: $? = 1
configure: failed program was:
| /* confdefs.h */
| #define PACKAGE_NAME "libsrtp2"
| #define PACKAGE_TARNAME "libsrtp2"
| #define PACKAGE_VERSION "2.0.0-pre"
| #define PACKAGE_STRING "libsrtp2 2.0.0-pre"
| #define PACKAGE_BUGREPORT "https://github.com/cisco/libsrtp/issues"
| #define PACKAGE_URL ""
| #define STDC_HEADERS 1
| #define HAVE_SYS_TYPES_H 1
| #define HAVE_SYS_STAT_H 1
| #define HAVE_STDLIB_H 1
| #define HAVE_STRING_H 1
| #define HAVE_MEMORY_H 1
| #define HAVE_STRINGS_H 1
| #define HAVE_INTTYPES_H 1
| #define HAVE_STDINT_H 1
| #define HAVE_UNISTD_H 1
| #define CPU_CISC 1
| #define HAVE_X86 1
| #define STDC_HEADERS 1
| #define HAVE_STDLIB_H 1
| #define HAVE_UNISTD_H 1
| #define HAVE_STDINT_H 1
| #define HAVE_SYS_UIO_H 1
| #define HAVE_INTTYPES_H 1
| #define HAVE_SYS_TYPES_H 1
| #define HAVE_MACHINE_TYPES_H 1
| #define HAVE_SYS_SOCKET_H 1
| #define HAVE_NETINET_IN_H 1
| /* end confdefs.h.  */
| #include <arpa/inet.h>
configure:5081: result: no
configure:5081: WARNING: arpa/inet.h: accepted by the compiler, rejected by the preprocessor!
configure:5081: WARNING: arpa/inet.h: proceeding with the compiler's result
configure:5081: checking for arpa/inet.h
configure:5081: result: yes
configure:5093: checking windows.h usability
configure:5093: /Applications/Xcode.app/Contents/Developer/Toolchains/XcodeDefault.xctoolchain/usr/bin/cc -c -arch x86_64 -mios-simulator-version-min=8.0 -isysroot /Applications/Xcode.app/Contents/Developer/Platforms/iPhoneSimulator.platform/Developer/SDKs/iPhoneSimulator8.4.sdk   conftest.c >&5
conftest.c:65:10: fatal error: 'windows.h' file not found
#include <windows.h>
         ^
1 error generated.
configure:5093: $? = 1
configure: failed program was:
| /* confdefs.h */
| #define PACKAGE_NAME "libsrtp2"
| #define PACKAGE_TARNAME "libsrtp2"
| #define PACKAGE_VERSION "2.0.0-pre"
| #define PACKAGE_STRING "libsrtp2 2.0.0-pre"
| #define PACKAGE_BUGREPORT "https://github.com/cisco/libsrtp/issues"
| #define PACKAGE_URL ""
| #define STDC_HEADERS 1
| #define HAVE_SYS_TYPES_H 1
| #define HAVE_SYS_STAT_H 1
| #define HAVE_STDLIB_H 1
| #define HAVE_STRING_H 1
| #define HAVE_MEMORY_H 1
| #define HAVE_STRINGS_H 1
| #define HAVE_INTTYPES_H 1
| #define HAVE_STDINT_H 1
| #define HAVE_UNISTD_H 1
| #define CPU_CISC 1
| #define HAVE_X86 1
| #define STDC_HEADERS 1
| #define HAVE_STDLIB_H 1
| #define HAVE_UNISTD_H 1
| #define HAVE_STDINT_H 1
| #define HAVE_SYS_UIO_H 1
| #define HAVE_INTTYPES_H 1
| #define HAVE_SYS_TYPES_H 1
| #define HAVE_MACHINE_TYPES_H 1
| #define HAVE_SYS_SOCKET_H 1
| #define HAVE_NETINET_IN_H 1
| #define HAVE_ARPA_INET_H 1
| /* end confdefs.h.  */
| #include <stdio.h>
| #ifdef HAVE_SYS_TYPES_H
| # include <sys/types.h>
| #endif
| #ifdef HAVE_SYS_STAT_H
| # include <sys/stat.h>
| #endif
| #ifdef STDC_HEADERS
| # include <stdlib.h>
| # include <stddef.h>
| #else
| # ifdef HAVE_STDLIB_H
| #  include <stdlib.h>
| # endif
| #endif
| #ifdef HAVE_STRING_H
| # if !defined STDC_HEADERS && defined HAVE_MEMORY_H
| #  include <memory.h>
| # endif
| # include <string.h>
| #endif
| #ifdef HAVE_STRINGS_H
| # include <strings.h>
| #endif
| #ifdef HAVE_INTTYPES_H
| # include <inttypes.h>
| #endif
| #ifdef HAVE_STDINT_H
| # include <stdint.h>
| #endif
| #ifdef HAVE_UNISTD_H
| # include <unistd.h>
| #endif
| #include <windows.h>
configure:5093: result: no
configure:5093: checking windows.h presence
configure:5093: /Applications/Xcode.app/Contents/Developer/Toolchains/XcodeDefault.xctoolchain/usr/bin/cpp  conftest.c
conftest.c:32:10: fatal error: 'windows.h' file not found
#include <windows.h>
         ^
1 error generated.
configure:5093: $? = 1
configure: failed program was:
| /* confdefs.h */
| #define PACKAGE_NAME "libsrtp2"
| #define PACKAGE_TARNAME "libsrtp2"
| #define PACKAGE_VERSION "2.0.0-pre"
| #define PACKAGE_STRING "libsrtp2 2.0.0-pre"
| #define PACKAGE_BUGREPORT "https://github.com/cisco/libsrtp/issues"
| #define PACKAGE_URL ""
| #define STDC_HEADERS 1
| #define HAVE_SYS_TYPES_H 1
| #define HAVE_SYS_STAT_H 1
| #define HAVE_STDLIB_H 1
| #define HAVE_STRING_H 1
| #define HAVE_MEMORY_H 1
| #define HAVE_STRINGS_H 1
| #define HAVE_INTTYPES_H 1
| #define HAVE_STDINT_H 1
| #define HAVE_UNISTD_H 1
| #define CPU_CISC 1
| #define HAVE_X86 1
| #define STDC_HEADERS 1
| #define HAVE_STDLIB_H 1
| #define HAVE_UNISTD_H 1
| #define HAVE_STDINT_H 1
| #define HAVE_SYS_UIO_H 1
| #define HAVE_INTTYPES_H 1
| #define HAVE_SYS_TYPES_H 1
| #define HAVE_MACHINE_TYPES_H 1
| #define HAVE_SYS_SOCKET_H 1
| #define HAVE_NETINET_IN_H 1
| #define HAVE_ARPA_INET_H 1
| /* end confdefs.h.  */
| #include <windows.h>
configure:5093: result: no
configure:5093: checking for windows.h
configure:5093: result: no
configure:5115: checking for int8_t
configure:5115: /Applications/Xcode.app/Contents/Developer/Toolchains/XcodeDefault.xctoolchain/usr/bin/cc -c -arch x86_64 -mios-simulator-version-min=8.0 -isysroot /Applications/Xcode.app/Contents/Developer/Platforms/iPhoneSimulator.platform/Developer/SDKs/iPhoneSimulator8.4.sdk   conftest.c >&5
configure:5115: $? = 0
configure:5115: /Applications/Xcode.app/Contents/Developer/Toolchains/XcodeDefault.xctoolchain/usr/bin/cc -c -arch x86_64 -mios-simulator-version-min=8.0 -isysroot /Applications/Xcode.app/Contents/Developer/Platforms/iPhoneSimulator.platform/Developer/SDKs/iPhoneSimulator8.4.sdk   conftest.c >&5
conftest.c:68:21: error: expected expression
if (sizeof ((int8_t)))
                    ^
1 error generated.
configure:5115: $? = 1
configure: failed program was:
| /* confdefs.h */
| #define PACKAGE_NAME "libsrtp2"
| #define PACKAGE_TARNAME "libsrtp2"
| #define PACKAGE_VERSION "2.0.0-pre"
| #define PACKAGE_STRING "libsrtp2 2.0.0-pre"
| #define PACKAGE_BUGREPORT "https://github.com/cisco/libsrtp/issues"
| #define PACKAGE_URL ""
| #define STDC_HEADERS 1
| #define HAVE_SYS_TYPES_H 1
| #define HAVE_SYS_STAT_H 1
| #define HAVE_STDLIB_H 1
| #define HAVE_STRING_H 1
| #define HAVE_MEMORY_H 1
| #define HAVE_STRINGS_H 1
| #define HAVE_INTTYPES_H 1
| #define HAVE_STDINT_H 1
| #define HAVE_UNISTD_H 1
| #define CPU_CISC 1
| #define HAVE_X86 1
| #define STDC_HEADERS 1
| #define HAVE_STDLIB_H 1
| #define HAVE_UNISTD_H 1
| #define HAVE_STDINT_H 1
| #define HAVE_SYS_UIO_H 1
| #define HAVE_INTTYPES_H 1
| #define HAVE_SYS_TYPES_H 1
| #define HAVE_MACHINE_TYPES_H 1
| #define HAVE_SYS_SOCKET_H 1
| #define HAVE_NETINET_IN_H 1
| #define HAVE_ARPA_INET_H 1
| /* end confdefs.h.  */
| #include <stdio.h>
| #ifdef HAVE_SYS_TYPES_H
| # include <sys/types.h>
| #endif
| #ifdef HAVE_SYS_STAT_H
| # include <sys/stat.h>
| #endif
| #ifdef STDC_HEADERS
| # include <stdlib.h>
| # include <stddef.h>
| #else
| # ifdef HAVE_STDLIB_H
| #  include <stdlib.h>
| # endif
| #endif
| #ifdef HAVE_STRING_H
| # if !defined STDC_HEADERS && defined HAVE_MEMORY_H
| #  include <memory.h>
| # endif
| # include <string.h>
| #endif
| #ifdef HAVE_STRINGS_H
| # include <strings.h>
| #endif
| #ifdef HAVE_INTTYPES_H
| # include <inttypes.h>
| #endif
| #ifdef HAVE_STDINT_H
| # include <stdint.h>
| #endif
| #ifdef HAVE_UNISTD_H
| # include <unistd.h>
| #endif
| int
| main ()
| {
| if (sizeof ((int8_t)))
| 	    return 0;
|   ;
|   return 0;
| }
configure:5115: result: yes
configure:5124: checking for uint8_t
configure:5124: /Applications/Xcode.app/Contents/Developer/Toolchains/XcodeDefault.xctoolchain/usr/bin/cc -c -arch x86_64 -mios-simulator-version-min=8.0 -isysroot /Applications/Xcode.app/Contents/Developer/Platforms/iPhoneSimulator.platform/Developer/SDKs/iPhoneSimulator8.4.sdk   conftest.c >&5
configure:5124: $? = 0
configure:5124: /Applications/Xcode.app/Contents/Developer/Toolchains/XcodeDefault.xctoolchain/usr/bin/cc -c -arch x86_64 -mios-simulator-version-min=8.0 -isysroot /Applications/Xcode.app/Contents/Developer/Platforms/iPhoneSimulator.platform/Developer/SDKs/iPhoneSimulator8.4.sdk   conftest.c >&5
conftest.c:69:22: error: expected expression
if (sizeof ((uint8_t)))
                     ^
1 error generated.
configure:5124: $? = 1
configure: failed program was:
| /* confdefs.h */
| #define PACKAGE_NAME "libsrtp2"
| #define PACKAGE_TARNAME "libsrtp2"
| #define PACKAGE_VERSION "2.0.0-pre"
| #define PACKAGE_STRING "libsrtp2 2.0.0-pre"
| #define PACKAGE_BUGREPORT "https://github.com/cisco/libsrtp/issues"
| #define PACKAGE_URL ""
| #define STDC_HEADERS 1
| #define HAVE_SYS_TYPES_H 1
| #define HAVE_SYS_STAT_H 1
| #define HAVE_STDLIB_H 1
| #define HAVE_STRING_H 1
| #define HAVE_MEMORY_H 1
| #define HAVE_STRINGS_H 1
| #define HAVE_INTTYPES_H 1
| #define HAVE_STDINT_H 1
| #define HAVE_UNISTD_H 1
| #define CPU_CISC 1
| #define HAVE_X86 1
| #define STDC_HEADERS 1
| #define HAVE_STDLIB_H 1
| #define HAVE_UNISTD_H 1
| #define HAVE_STDINT_H 1
| #define HAVE_SYS_UIO_H 1
| #define HAVE_INTTYPES_H 1
| #define HAVE_SYS_TYPES_H 1
| #define HAVE_MACHINE_TYPES_H 1
| #define HAVE_SYS_SOCKET_H 1
| #define HAVE_NETINET_IN_H 1
| #define HAVE_ARPA_INET_H 1
| #define HAVE_INT8_T 1
| /* end confdefs.h.  */
| #include <stdio.h>
| #ifdef HAVE_SYS_TYPES_H
| # include <sys/types.h>
| #endif
| #ifdef HAVE_SYS_STAT_H
| # include <sys/stat.h>
| #endif
| #ifdef STDC_HEADERS
| # include <stdlib.h>
| # include <stddef.h>
| #else
| # ifdef HAVE_STDLIB_H
| #  include <stdlib.h>
| # endif
| #endif
| #ifdef HAVE_STRING_H
| # if !defined STDC_HEADERS && defined HAVE_MEMORY_H
| #  include <memory.h>
| # endif
| # include <string.h>
| #endif
| #ifdef HAVE_STRINGS_H
| # include <strings.h>
| #endif
| #ifdef HAVE_INTTYPES_H
| # include <inttypes.h>
| #endif
| #ifdef HAVE_STDINT_H
| # include <stdint.h>
| #endif
| #ifdef HAVE_UNISTD_H
| # include <unistd.h>
| #endif
| int
| main ()
| {
| if (sizeof ((uint8_t)))
| 	    return 0;
|   ;
|   return 0;
| }
configure:5124: result: yes
configure:5133: checking for int16_t
configure:5133: /Applications/Xcode.app/Contents/Developer/Toolchains/XcodeDefault.xctoolchain/usr/bin/cc -c -arch x86_64 -mios-simulator-version-min=8.0 -isysroot /Applications/Xcode.app/Contents/Developer/Platforms/iPhoneSimulator.platform/Developer/SDKs/iPhoneSimulator8.4.sdk   conftest.c >&5
configure:5133: $? = 0
configure:5133: /Applications/Xcode.app/Contents/Developer/Toolchains/XcodeDefault.xctoolchain/usr/bin/cc -c -arch x86_64 -mios-simulator-version-min=8.0 -isysroot /Applications/Xcode.app/Contents/Developer/Platforms/iPhoneSimulator.platform/Developer/SDKs/iPhoneSimulator8.4.sdk   conftest.c >&5
conftest.c:70:22: error: expected expression
if (sizeof ((int16_t)))
                     ^
1 error generated.
configure:5133: $? = 1
configure: failed program was:
| /* confdefs.h */
| #define PACKAGE_NAME "libsrtp2"
| #define PACKAGE_TARNAME "libsrtp2"
| #define PACKAGE_VERSION "2.0.0-pre"
| #define PACKAGE_STRING "libsrtp2 2.0.0-pre"
| #define PACKAGE_BUGREPORT "https://github.com/cisco/libsrtp/issues"
| #define PACKAGE_URL ""
| #define STDC_HEADERS 1
| #define HAVE_SYS_TYPES_H 1
| #define HAVE_SYS_STAT_H 1
| #define HAVE_STDLIB_H 1
| #define HAVE_STRING_H 1
| #define HAVE_MEMORY_H 1
| #define HAVE_STRINGS_H 1
| #define HAVE_INTTYPES_H 1
| #define HAVE_STDINT_H 1
| #define HAVE_UNISTD_H 1
| #define CPU_CISC 1
| #define HAVE_X86 1
| #define STDC_HEADERS 1
| #define HAVE_STDLIB_H 1
| #define HAVE_UNISTD_H 1
| #define HAVE_STDINT_H 1
| #define HAVE_SYS_UIO_H 1
| #define HAVE_INTTYPES_H 1
| #define HAVE_SYS_TYPES_H 1
| #define HAVE_MACHINE_TYPES_H 1
| #define HAVE_SYS_SOCKET_H 1
| #define HAVE_NETINET_IN_H 1
| #define HAVE_ARPA_INET_H 1
| #define HAVE_INT8_T 1
| #define HAVE_UINT8_T 1
| /* end confdefs.h.  */
| #include <stdio.h>
| #ifdef HAVE_SYS_TYPES_H
| # include <sys/types.h>
| #endif
| #ifdef HAVE_SYS_STAT_H
| # include <sys/stat.h>
| #endif
| #ifdef STDC_HEADERS
| # include <stdlib.h>
| # include <stddef.h>
| #else
| # ifdef HAVE_STDLIB_H
| #  include <stdlib.h>
| # endif
| #endif
| #ifdef HAVE_STRING_H
| # if !defined STDC_HEADERS && defined HAVE_MEMORY_H
| #  include <memory.h>
| # endif
| # include <string.h>
| #endif
| #ifdef HAVE_STRINGS_H
| # include <strings.h>
| #endif
| #ifdef HAVE_INTTYPES_H
| # include <inttypes.h>
| #endif
| #ifdef HAVE_STDINT_H
| # include <stdint.h>
| #endif
| #ifdef HAVE_UNISTD_H
| # include <unistd.h>
| #endif
| int
| main ()
| {
| if (sizeof ((int16_t)))
| 	    return 0;
|   ;
|   return 0;
| }
configure:5133: result: yes
configure:5142: checking for uint16_t
configure:5142: /Applications/Xcode.app/Contents/Developer/Toolchains/XcodeDefault.xctoolchain/usr/bin/cc -c -arch x86_64 -mios-simulator-version-min=8.0 -isysroot /Applications/Xcode.app/Contents/Developer/Platforms/iPhoneSimulator.platform/Developer/SDKs/iPhoneSimulator8.4.sdk   conftest.c >&5
configure:5142: $? = 0
configure:5142: /Applications/Xcode.app/Contents/Developer/Toolchains/XcodeDefault.xctoolchain/usr/bin/cc -c -arch x86_64 -mios-simulator-version-min=8.0 -isysroot /Applications/Xcode.app/Contents/Developer/Platforms/iPhoneSimulator.platform/Developer/SDKs/iPhoneSimulator8.4.sdk   conftest.c >&5
conftest.c:71:23: error: expected expression
if (sizeof ((uint16_t)))
                      ^
1 error generated.
configure:5142: $? = 1
configure: failed program was:
| /* confdefs.h */
| #define PACKAGE_NAME "libsrtp2"
| #define PACKAGE_TARNAME "libsrtp2"
| #define PACKAGE_VERSION "2.0.0-pre"
| #define PACKAGE_STRING "libsrtp2 2.0.0-pre"
| #define PACKAGE_BUGREPORT "https://github.com/cisco/libsrtp/issues"
| #define PACKAGE_URL ""
| #define STDC_HEADERS 1
| #define HAVE_SYS_TYPES_H 1
| #define HAVE_SYS_STAT_H 1
| #define HAVE_STDLIB_H 1
| #define HAVE_STRING_H 1
| #define HAVE_MEMORY_H 1
| #define HAVE_STRINGS_H 1
| #define HAVE_INTTYPES_H 1
| #define HAVE_STDINT_H 1
| #define HAVE_UNISTD_H 1
| #define CPU_CISC 1
| #define HAVE_X86 1
| #define STDC_HEADERS 1
| #define HAVE_STDLIB_H 1
| #define HAVE_UNISTD_H 1
| #define HAVE_STDINT_H 1
| #define HAVE_SYS_UIO_H 1
| #define HAVE_INTTYPES_H 1
| #define HAVE_SYS_TYPES_H 1
| #define HAVE_MACHINE_TYPES_H 1
| #define HAVE_SYS_SOCKET_H 1
| #define HAVE_NETINET_IN_H 1
| #define HAVE_ARPA_INET_H 1
| #define HAVE_INT8_T 1
| #define HAVE_UINT8_T 1
| #define HAVE_INT16_T 1
| /* end confdefs.h.  */
| #include <stdio.h>
| #ifdef HAVE_SYS_TYPES_H
| # include <sys/types.h>
| #endif
| #ifdef HAVE_SYS_STAT_H
| # include <sys/stat.h>
| #endif
| #ifdef STDC_HEADERS
| # include <stdlib.h>
| # include <stddef.h>
| #else
| # ifdef HAVE_STDLIB_H
| #  include <stdlib.h>
| # endif
| #endif
| #ifdef HAVE_STRING_H
| # if !defined STDC_HEADERS && defined HAVE_MEMORY_H
| #  include <memory.h>
| # endif
| # include <string.h>
| #endif
| #ifdef HAVE_STRINGS_H
| # include <strings.h>
| #endif
| #ifdef HAVE_INTTYPES_H
| # include <inttypes.h>
| #endif
| #ifdef HAVE_STDINT_H
| # include <stdint.h>
| #endif
| #ifdef HAVE_UNISTD_H
| # include <unistd.h>
| #endif
| int
| main ()
| {
| if (sizeof ((uint16_t)))
| 	    return 0;
|   ;
|   return 0;
| }
configure:5142: result: yes
configure:5151: checking for int32_t
configure:5151: /Applications/Xcode.app/Contents/Developer/Toolchains/XcodeDefault.xctoolchain/usr/bin/cc -c -arch x86_64 -mios-simulator-version-min=8.0 -isysroot /Applications/Xcode.app/Contents/Developer/Platforms/iPhoneSimulator.platform/Developer/SDKs/iPhoneSimulator8.4.sdk   conftest.c >&5
configure:5151: $? = 0
configure:5151: /Applications/Xcode.app/Contents/Developer/Toolchains/XcodeDefault.xctoolchain/usr/bin/cc -c -arch x86_64 -mios-simulator-version-min=8.0 -isysroot /Applications/Xcode.app/Contents/Developer/Platforms/iPhoneSimulator.platform/Developer/SDKs/iPhoneSimulator8.4.sdk   conftest.c >&5
conftest.c:72:22: error: expected expression
if (sizeof ((int32_t)))
                     ^
1 error generated.
configure:5151: $? = 1
configure: failed program was:
| /* confdefs.h */
| #define PACKAGE_NAME "libsrtp2"
| #define PACKAGE_TARNAME "libsrtp2"
| #define PACKAGE_VERSION "2.0.0-pre"
| #define PACKAGE_STRING "libsrtp2 2.0.0-pre"
| #define PACKAGE_BUGREPORT "https://github.com/cisco/libsrtp/issues"
| #define PACKAGE_URL ""
| #define STDC_HEADERS 1
| #define HAVE_SYS_TYPES_H 1
| #define HAVE_SYS_STAT_H 1
| #define HAVE_STDLIB_H 1
| #define HAVE_STRING_H 1
| #define HAVE_MEMORY_H 1
| #define HAVE_STRINGS_H 1
| #define HAVE_INTTYPES_H 1
| #define HAVE_STDINT_H 1
| #define HAVE_UNISTD_H 1
| #define CPU_CISC 1
| #define HAVE_X86 1
| #define STDC_HEADERS 1
| #define HAVE_STDLIB_H 1
| #define HAVE_UNISTD_H 1
| #define HAVE_STDINT_H 1
| #define HAVE_SYS_UIO_H 1
| #define HAVE_INTTYPES_H 1
| #define HAVE_SYS_TYPES_H 1
| #define HAVE_MACHINE_TYPES_H 1
| #define HAVE_SYS_SOCKET_H 1
| #define HAVE_NETINET_IN_H 1
| #define HAVE_ARPA_INET_H 1
| #define HAVE_INT8_T 1
| #define HAVE_UINT8_T 1
| #define HAVE_INT16_T 1
| #define HAVE_UINT16_T 1
| /* end confdefs.h.  */
| #include <stdio.h>
| #ifdef HAVE_SYS_TYPES_H
| # include <sys/types.h>
| #endif
| #ifdef HAVE_SYS_STAT_H
| # include <sys/stat.h>
| #endif
| #ifdef STDC_HEADERS
| # include <stdlib.h>
| # include <stddef.h>
| #else
| # ifdef HAVE_STDLIB_H
| #  include <stdlib.h>
| # endif
| #endif
| #ifdef HAVE_STRING_H
| # if !defined STDC_HEADERS && defined HAVE_MEMORY_H
| #  include <memory.h>
| # endif
| # include <string.h>
| #endif
| #ifdef HAVE_STRINGS_H
| # include <strings.h>
| #endif
| #ifdef HAVE_INTTYPES_H
| # include <inttypes.h>
| #endif
| #ifdef HAVE_STDINT_H
| # include <stdint.h>
| #endif
| #ifdef HAVE_UNISTD_H
| # include <unistd.h>
| #endif
| int
| main ()
| {
| if (sizeof ((int32_t)))
| 	    return 0;
|   ;
|   return 0;
| }
configure:5151: result: yes
configure:5160: checking for uint32_t
configure:5160: /Applications/Xcode.app/Contents/Developer/Toolchains/XcodeDefault.xctoolchain/usr/bin/cc -c -arch x86_64 -mios-simulator-version-min=8.0 -isysroot /Applications/Xcode.app/Contents/Developer/Platforms/iPhoneSimulator.platform/Developer/SDKs/iPhoneSimulator8.4.sdk   conftest.c >&5
configure:5160: $? = 0
configure:5160: /Applications/Xcode.app/Contents/Developer/Toolchains/XcodeDefault.xctoolchain/usr/bin/cc -c -arch x86_64 -mios-simulator-version-min=8.0 -isysroot /Applications/Xcode.app/Contents/Developer/Platforms/iPhoneSimulator.platform/Developer/SDKs/iPhoneSimulator8.4.sdk   conftest.c >&5
conftest.c:73:23: error: expected expression
if (sizeof ((uint32_t)))
                      ^
1 error generated.
configure:5160: $? = 1
configure: failed program was:
| /* confdefs.h */
| #define PACKAGE_NAME "libsrtp2"
| #define PACKAGE_TARNAME "libsrtp2"
| #define PACKAGE_VERSION "2.0.0-pre"
| #define PACKAGE_STRING "libsrtp2 2.0.0-pre"
| #define PACKAGE_BUGREPORT "https://github.com/cisco/libsrtp/issues"
| #define PACKAGE_URL ""
| #define STDC_HEADERS 1
| #define HAVE_SYS_TYPES_H 1
| #define HAVE_SYS_STAT_H 1
| #define HAVE_STDLIB_H 1
| #define HAVE_STRING_H 1
| #define HAVE_MEMORY_H 1
| #define HAVE_STRINGS_H 1
| #define HAVE_INTTYPES_H 1
| #define HAVE_STDINT_H 1
| #define HAVE_UNISTD_H 1
| #define CPU_CISC 1
| #define HAVE_X86 1
| #define STDC_HEADERS 1
| #define HAVE_STDLIB_H 1
| #define HAVE_UNISTD_H 1
| #define HAVE_STDINT_H 1
| #define HAVE_SYS_UIO_H 1
| #define HAVE_INTTYPES_H 1
| #define HAVE_SYS_TYPES_H 1
| #define HAVE_MACHINE_TYPES_H 1
| #define HAVE_SYS_SOCKET_H 1
| #define HAVE_NETINET_IN_H 1
| #define HAVE_ARPA_INET_H 1
| #define HAVE_INT8_T 1
| #define HAVE_UINT8_T 1
| #define HAVE_INT16_T 1
| #define HAVE_UINT16_T 1
| #define HAVE_INT32_T 1
| /* end confdefs.h.  */
| #include <stdio.h>
| #ifdef HAVE_SYS_TYPES_H
| # include <sys/types.h>
| #endif
| #ifdef HAVE_SYS_STAT_H
| # include <sys/stat.h>
| #endif
| #ifdef STDC_HEADERS
| # include <stdlib.h>
| # include <stddef.h>
| #else
| # ifdef HAVE_STDLIB_H
| #  include <stdlib.h>
| # endif
| #endif
| #ifdef HAVE_STRING_H
| # if !defined STDC_HEADERS && defined HAVE_MEMORY_H
| #  include <memory.h>
| # endif
| # include <string.h>
| #endif
| #ifdef HAVE_STRINGS_H
| # include <strings.h>
| #endif
| #ifdef HAVE_INTTYPES_H
| # include <inttypes.h>
| #endif
| #ifdef HAVE_STDINT_H
| # include <stdint.h>
| #endif
| #ifdef HAVE_UNISTD_H
| # include <unistd.h>
| #endif
| int
| main ()
| {
| if (sizeof ((uint32_t)))
| 	    return 0;
|   ;
|   return 0;
| }
configure:5160: result: yes
configure:5169: checking for uint64_t
configure:5169: /Applications/Xcode.app/Contents/Developer/Toolchains/XcodeDefault.xctoolchain/usr/bin/cc -c -arch x86_64 -mios-simulator-version-min=8.0 -isysroot /Applications/Xcode.app/Contents/Developer/Platforms/iPhoneSimulator.platform/Developer/SDKs/iPhoneSimulator8.4.sdk   conftest.c >&5
configure:5169: $? = 0
configure:5169: /Applications/Xcode.app/Contents/Developer/Toolchains/XcodeDefault.xctoolchain/usr/bin/cc -c -arch x86_64 -mios-simulator-version-min=8.0 -isysroot /Applications/Xcode.app/Contents/Developer/Platforms/iPhoneSimulator.platform/Developer/SDKs/iPhoneSimulator8.4.sdk   conftest.c >&5
conftest.c:74:23: error: expected expression
if (sizeof ((uint64_t)))
                      ^
1 error generated.
configure:5169: $? = 1
configure: failed program was:
| /* confdefs.h */
| #define PACKAGE_NAME "libsrtp2"
| #define PACKAGE_TARNAME "libsrtp2"
| #define PACKAGE_VERSION "2.0.0-pre"
| #define PACKAGE_STRING "libsrtp2 2.0.0-pre"
| #define PACKAGE_BUGREPORT "https://github.com/cisco/libsrtp/issues"
| #define PACKAGE_URL ""
| #define STDC_HEADERS 1
| #define HAVE_SYS_TYPES_H 1
| #define HAVE_SYS_STAT_H 1
| #define HAVE_STDLIB_H 1
| #define HAVE_STRING_H 1
| #define HAVE_MEMORY_H 1
| #define HAVE_STRINGS_H 1
| #define HAVE_INTTYPES_H 1
| #define HAVE_STDINT_H 1
| #define HAVE_UNISTD_H 1
| #define CPU_CISC 1
| #define HAVE_X86 1
| #define STDC_HEADERS 1
| #define HAVE_STDLIB_H 1
| #define HAVE_UNISTD_H 1
| #define HAVE_STDINT_H 1
| #define HAVE_SYS_UIO_H 1
| #define HAVE_INTTYPES_H 1
| #define HAVE_SYS_TYPES_H 1
| #define HAVE_MACHINE_TYPES_H 1
| #define HAVE_SYS_SOCKET_H 1
| #define HAVE_NETINET_IN_H 1
| #define HAVE_ARPA_INET_H 1
| #define HAVE_INT8_T 1
| #define HAVE_UINT8_T 1
| #define HAVE_INT16_T 1
| #define HAVE_UINT16_T 1
| #define HAVE_INT32_T 1
| #define HAVE_UINT32_T 1
| /* end confdefs.h.  */
| #include <stdio.h>
| #ifdef HAVE_SYS_TYPES_H
| # include <sys/types.h>
| #endif
| #ifdef HAVE_SYS_STAT_H
| # include <sys/stat.h>
| #endif
| #ifdef STDC_HEADERS
| # include <stdlib.h>
| # include <stddef.h>
| #else
| # ifdef HAVE_STDLIB_H
| #  include <stdlib.h>
| # endif
| #endif
| #ifdef HAVE_STRING_H
| # if !defined STDC_HEADERS && defined HAVE_MEMORY_H
| #  include <memory.h>
| # endif
| # include <string.h>
| #endif
| #ifdef HAVE_STRINGS_H
| # include <strings.h>
| #endif
| #ifdef HAVE_INTTYPES_H
| # include <inttypes.h>
| #endif
| #ifdef HAVE_STDINT_H
| # include <stdint.h>
| #endif
| #ifdef HAVE_UNISTD_H
| # include <unistd.h>
| #endif
| int
| main ()
| {
| if (sizeof ((uint64_t)))
| 	    return 0;
|   ;
|   return 0;
| }
configure:5169: result: yes
configure:5183: checking size of unsigned long
configure:5188: /Applications/Xcode.app/Contents/Developer/Toolchains/XcodeDefault.xctoolchain/usr/bin/cc -o conftest -arch x86_64 -mios-simulator-version-min=8.0 -isysroot /Applications/Xcode.app/Contents/Developer/Platforms/iPhoneSimulator.platform/Developer/SDKs/iPhoneSimulator8.4.sdk   -arch x86_64 -mios-simulator-version-min=8.0 -isysroot /Applications/Xcode.app/Contents/Developer/Platforms/iPhoneSimulator.platform/Developer/SDKs/iPhoneSimulator8.4.sdk conftest.c  >&5
configure:5188: $? = 0
configure:5188: ./conftest
configure:5188: $? = 0
configure:5202: result: 8
configure:5216: checking size of unsigned long long
configure:5221: /Applications/Xcode.app/Contents/Developer/Toolchains/XcodeDefault.xctoolchain/usr/bin/cc -o conftest -arch x86_64 -mios-simulator-version-min=8.0 -isysroot /Applications/Xcode.app/Contents/Developer/Platforms/iPhoneSimulator.platform/Developer/SDKs/iPhoneSimulator8.4.sdk   -arch x86_64 -mios-simulator-version-min=8.0 -isysroot /Applications/Xcode.app/Contents/Developer/Platforms/iPhoneSimulator.platform/Developer/SDKs/iPhoneSimulator8.4.sdk conftest.c  >&5
configure:5221: $? = 0
configure:5221: ./conftest
configure:5221: $? = 0
configure:5235: result: 8
configure:5246: checking for an ANSI C-conforming const
configure:5312: /Applications/Xcode.app/Contents/Developer/Toolchains/XcodeDefault.xctoolchain/usr/bin/cc -c -arch x86_64 -mios-simulator-version-min=8.0 -isysroot /Applications/Xcode.app/Contents/Developer/Platforms/iPhoneSimulator.platform/Developer/SDKs/iPhoneSimulator8.4.sdk   conftest.c >&5
configure:5312: $? = 0
configure:5319: result: yes
configure:5327: checking for inline
configure:5343: /Applications/Xcode.app/Contents/Developer/Toolchains/XcodeDefault.xctoolchain/usr/bin/cc -c -arch x86_64 -mios-simulator-version-min=8.0 -isysroot /Applications/Xcode.app/Contents/Developer/Platforms/iPhoneSimulator.platform/Developer/SDKs/iPhoneSimulator8.4.sdk   conftest.c >&5
configure:5343: $? = 0
configure:5351: result: inline
configure:5369: checking for size_t
configure:5369: /Applications/Xcode.app/Contents/Developer/Toolchains/XcodeDefault.xctoolchain/usr/bin/cc -c -arch x86_64 -mios-simulator-version-min=8.0 -isysroot /Applications/Xcode.app/Contents/Developer/Platforms/iPhoneSimulator.platform/Developer/SDKs/iPhoneSimulator8.4.sdk   conftest.c >&5
configure:5369: $? = 0
configure:5369: /Applications/Xcode.app/Contents/Developer/Toolchains/XcodeDefault.xctoolchain/usr/bin/cc -c -arch x86_64 -mios-simulator-version-min=8.0 -isysroot /Applications/Xcode.app/Contents/Developer/Platforms/iPhoneSimulator.platform/Developer/SDKs/iPhoneSimulator8.4.sdk   conftest.c >&5
conftest.c:77:21: error: expected expression
if (sizeof ((size_t)))
                    ^
1 error generated.
configure:5369: $? = 1
configure: failed program was:
| /* confdefs.h */
| #define PACKAGE_NAME "libsrtp2"
| #define PACKAGE_TARNAME "libsrtp2"
| #define PACKAGE_VERSION "2.0.0-pre"
| #define PACKAGE_STRING "libsrtp2 2.0.0-pre"
| #define PACKAGE_BUGREPORT "https://github.com/cisco/libsrtp/issues"
| #define PACKAGE_URL ""
| #define STDC_HEADERS 1
| #define HAVE_SYS_TYPES_H 1
| #define HAVE_SYS_STAT_H 1
| #define HAVE_STDLIB_H 1
| #define HAVE_STRING_H 1
| #define HAVE_MEMORY_H 1
| #define HAVE_STRINGS_H 1
| #define HAVE_INTTYPES_H 1
| #define HAVE_STDINT_H 1
| #define HAVE_UNISTD_H 1
| #define CPU_CISC 1
| #define HAVE_X86 1
| #define STDC_HEADERS 1
| #define HAVE_STDLIB_H 1
| #define HAVE_UNISTD_H 1
| #define HAVE_STDINT_H 1
| #define HAVE_SYS_UIO_H 1
| #define HAVE_INTTYPES_H 1
| #define HAVE_SYS_TYPES_H 1
| #define HAVE_MACHINE_TYPES_H 1
| #define HAVE_SYS_SOCKET_H 1
| #define HAVE_NETINET_IN_H 1
| #define HAVE_ARPA_INET_H 1
| #define HAVE_INT8_T 1
| #define HAVE_UINT8_T 1
| #define HAVE_INT16_T 1
| #define HAVE_UINT16_T 1
| #define HAVE_INT32_T 1
| #define HAVE_UINT32_T 1
| #define HAVE_UINT64_T 1
| #define SIZEOF_UNSIGNED_LONG 8
| #define SIZEOF_UNSIGNED_LONG_LONG 8
| /* end confdefs.h.  */
| #include <stdio.h>
| #ifdef HAVE_SYS_TYPES_H
| # include <sys/types.h>
| #endif
| #ifdef HAVE_SYS_STAT_H
| # include <sys/stat.h>
| #endif
| #ifdef STDC_HEADERS
| # include <stdlib.h>
| # include <stddef.h>
| #else
| # ifdef HAVE_STDLIB_H
| #  include <stdlib.h>
| # endif
| #endif
| #ifdef HAVE_STRING_H
| # if !defined STDC_HEADERS && defined HAVE_MEMORY_H
| #  include <memory.h>
| # endif
| # include <string.h>
| #endif
| #ifdef HAVE_STRINGS_H
| # include <strings.h>
| #endif
| #ifdef HAVE_INTTYPES_H
| # include <inttypes.h>
| #endif
| #ifdef HAVE_STDINT_H
| # include <stdint.h>
| #endif
| #ifdef HAVE_UNISTD_H
| # include <unistd.h>
| #endif
| int
| main ()
| {
| if (sizeof ((size_t)))
| 	    return 0;
|   ;
|   return 0;
| }
configure:5369: result: yes
configure:5384: checking for socket
configure:5384: /Applications/Xcode.app/Contents/Developer/Toolchains/XcodeDefault.xctoolchain/usr/bin/cc -o conftest -arch x86_64 -mios-simulator-version-min=8.0 -isysroot /Applications/Xcode.app/Contents/Developer/Platforms/iPhoneSimulator.platform/Developer/SDKs/iPhoneSimulator8.4.sdk   -arch x86_64 -mios-simulator-version-min=8.0 -isysroot /Applications/Xcode.app/Contents/Developer/Platforms/iPhoneSimulator.platform/Developer/SDKs/iPhoneSimulator8.4.sdk conftest.c  >&5
configure:5384: $? = 0
configure:5384: result: yes
configure:5384: checking for inet_aton
configure:5384: /Applications/Xcode.app/Contents/Developer/Toolchains/XcodeDefault.xctoolchain/usr/bin/cc -o conftest -arch x86_64 -mios-simulator-version-min=8.0 -isysroot /Applications/Xcode.app/Contents/Developer/Platforms/iPhoneSimulator.platform/Developer/SDKs/iPhoneSimulator8.4.sdk   -arch x86_64 -mios-simulator-version-min=8.0 -isysroot /Applications/Xcode.app/Contents/Developer/Platforms/iPhoneSimulator.platform/Developer/SDKs/iPhoneSimulator8.4.sdk conftest.c  >&5
configure:5384: $? = 0
configure:5384: result: yes
configure:5384: checking for usleep
configure:5384: /Applications/Xcode.app/Contents/Developer/Toolchains/XcodeDefault.xctoolchain/usr/bin/cc -o conftest -arch x86_64 -mios-simulator-version-min=8.0 -isysroot /Applications/Xcode.app/Contents/Developer/Platforms/iPhoneSimulator.platform/Developer/SDKs/iPhoneSimulator8.4.sdk   -arch x86_64 -mios-simulator-version-min=8.0 -isysroot /Applications/Xcode.app/Contents/Developer/Platforms/iPhoneSimulator.platform/Developer/SDKs/iPhoneSimulator8.4.sdk conftest.c  >&5
configure:5384: $? = 0
configure:5384: result: yes
configure:5384: checking for sigaction
configure:5384: /Applications/Xcode.app/Contents/Developer/Toolchains/XcodeDefault.xctoolchain/usr/bin/cc -o conftest -arch x86_64 -mios-simulator-version-min=8.0 -isysroot /Applications/Xcode.app/Contents/Developer/Platforms/iPhoneSimulator.platform/Developer/SDKs/iPhoneSimulator8.4.sdk   -arch x86_64 -mios-simulator-version-min=8.0 -isysroot /Applications/Xcode.app/Contents/Developer/Platforms/iPhoneSimulator.platform/Developer/SDKs/iPhoneSimulator8.4.sdk conftest.c  >&5
configure:5384: $? = 0
configure:5384: result: yes
configure:5472: checking whether to compile in debugging
configure:5486: result: yes
configure:5489: checking whether to use ISMAcryp code
configure:5503: result: no
configure:5506: checking whether to leverage OpenSSL crypto
configure:5515: result: yes
configure:5518: checking for user specified OpenSSL directory
configure:5532: checking for dlopen in -ldl
configure:5557: /Applications/Xcode.app/Contents/Developer/Toolchains/XcodeDefault.xctoolchain/usr/bin/cc -o conftest -arch x86_64 -mios-simulator-version-min=8.0 -isysroot /Applications/Xcode.app/Contents/Developer/Platforms/iPhoneSimulator.platform/Developer/SDKs/iPhoneSimulator8.4.sdk  -I../openssl//include   -arch x86_64 -mios-simulator-version-min=8.0 -isysroot /Applications/Xcode.app/Contents/Developer/Platforms/iPhoneSimulator.platform/Developer/SDKs/iPhoneSimulator8.4.sdk -L../openssl//lib  conftest.c -ldl   >&5
configure:5557: $? = 0
configure:5566: result: yes
configure:5580: checking for inflate in -lz
configure:5605: /Applications/Xcode.app/Contents/Developer/Toolchains/XcodeDefault.xctoolchain/usr/bin/cc -o conftest -arch x86_64 -mios-simulator-version-min=8.0 -isysroot /Applications/Xcode.app/Contents/Developer/Platforms/iPhoneSimulator.platform/Developer/SDKs/iPhoneSimulator8.4.sdk  -I../openssl//include   -arch x86_64 -mios-simulator-version-min=8.0 -isysroot /Applications/Xcode.app/Contents/Developer/Platforms/iPhoneSimulator.platform/Developer/SDKs/iPhoneSimulator8.4.sdk -L../openssl//lib  conftest.c -lz  -ldl  >&5
configure:5605: $? = 0
configure:5614: result: yes
configure:5628: checking for EVP_EncryptInit in -lcrypto
configure:5653: /Applications/Xcode.app/Contents/Developer/Toolchains/XcodeDefault.xctoolchain/usr/bin/cc -o conftest -arch x86_64 -mios-simulator-version-min=8.0 -isysroot /Applications/Xcode.app/Contents/Developer/Platforms/iPhoneSimulator.platform/Developer/SDKs/iPhoneSimulator8.4.sdk  -I../openssl//include   -arch x86_64 -mios-simulator-version-min=8.0 -isysroot /Applications/Xcode.app/Contents/Developer/Platforms/iPhoneSimulator.platform/Developer/SDKs/iPhoneSimulator8.4.sdk -L../openssl//lib  conftest.c -lcrypto  -lz -ldl  >&5
configure:5653: $? = 0
configure:5662: result: yes
configure:5678: checking for EVP_aes_128_ctr in -lcrypto
configure:5703: /Applications/Xcode.app/Contents/Developer/Toolchains/XcodeDefault.xctoolchain/usr/bin/cc -o conftest -arch x86_64 -mios-simulator-version-min=8.0 -isysroot /Applications/Xcode.app/Contents/Developer/Platforms/iPhoneSimulator.platform/Developer/SDKs/iPhoneSimulator8.4.sdk  -I../openssl//include   -arch x86_64 -mios-simulator-version-min=8.0 -isysroot /Applications/Xcode.app/Contents/Developer/Platforms/iPhoneSimulator.platform/Developer/SDKs/iPhoneSimulator8.4.sdk -L../openssl//lib  conftest.c -lcrypto  -lcrypto -lz -ldl  >&5
configure:5703: $? = 0
configure:5712: result: yes
configure:5728: checking for EVP_aes_128_gcm in -lcrypto
configure:5753: /Applications/Xcode.app/Contents/Developer/Toolchains/XcodeDefault.xctoolchain/usr/bin/cc -o conftest -arch x86_64 -mios-simulator-version-min=8.0 -isysroot /Applications/Xcode.app/Contents/Developer/Platforms/iPhoneSimulator.platform/Developer/SDKs/iPhoneSimulator8.4.sdk  -I../openssl//include   -arch x86_64 -mios-simulator-version-min=8.0 -isysroot /Applications/Xcode.app/Contents/Developer/Platforms/iPhoneSimulator.platform/Developer/SDKs/iPhoneSimulator8.4.sdk -L../openssl//lib  conftest.c -lcrypto  -lcrypto -lcrypto -lz -ldl  >&5
configure:5753: $? = 0
configure:5762: result: yes
configure:5786: checking whether to leverage OpenSSL KDF algorithm
configure:5795: result: no
configure:5873: checking for pcap_create in -lpcap
configure:5898: /Applications/Xcode.app/Contents/Developer/Toolchains/XcodeDefault.xctoolchain/usr/bin/cc -o conftest -arch x86_64 -mios-simulator-version-min=8.0 -isysroot /Applications/Xcode.app/Contents/Developer/Platforms/iPhoneSimulator.platform/Developer/SDKs/iPhoneSimulator8.4.sdk  -I../openssl//include   -arch x86_64 -mios-simulator-version-min=8.0 -isysroot /Applications/Xcode.app/Contents/Developer/Platforms/iPhoneSimulator.platform/Developer/SDKs/iPhoneSimulator8.4.sdk -L../openssl//lib  conftest.c -lpcap  -lcrypto -lcrypto -lcrypto -lz -ldl  >&5
ld: library not found for -lpcap
clang: error: linker command failed with exit code 1 (use -v to see invocation)
configure:5898: $? = 1
configure: failed program was:
| /* confdefs.h */
| #define PACKAGE_NAME "libsrtp2"
| #define PACKAGE_TARNAME "libsrtp2"
| #define PACKAGE_VERSION "2.0.0-pre"
| #define PACKAGE_STRING "libsrtp2 2.0.0-pre"
| #define PACKAGE_BUGREPORT "https://github.com/cisco/libsrtp/issues"
| #define PACKAGE_URL ""
| #define STDC_HEADERS 1
| #define HAVE_SYS_TYPES_H 1
| #define HAVE_SYS_STAT_H 1
| #define HAVE_STDLIB_H 1
| #define HAVE_STRING_H 1
| #define HAVE_MEMORY_H 1
| #define HAVE_STRINGS_H 1
| #define HAVE_INTTYPES_H 1
| #define HAVE_STDINT_H 1
| #define HAVE_UNISTD_H 1
| #define CPU_CISC 1
| #define HAVE_X86 1
| #define STDC_HEADERS 1
| #define HAVE_STDLIB_H 1
| #define HAVE_UNISTD_H 1
| #define HAVE_STDINT_H 1
| #define HAVE_SYS_UIO_H 1
| #define HAVE_INTTYPES_H 1
| #define HAVE_SYS_TYPES_H 1
| #define HAVE_MACHINE_TYPES_H 1
| #define HAVE_SYS_SOCKET_H 1
| #define HAVE_NETINET_IN_H 1
| #define HAVE_ARPA_INET_H 1
| #define HAVE_INT8_T 1
| #define HAVE_UINT8_T 1
| #define HAVE_INT16_T 1
| #define HAVE_UINT16_T 1
| #define HAVE_INT32_T 1
| #define HAVE_UINT32_T 1
| #define HAVE_UINT64_T 1
| #define SIZEOF_UNSIGNED_LONG 8
| #define SIZEOF_UNSIGNED_LONG_LONG 8
| #define HAVE_SOCKET 1
| #define HAVE_INET_ATON 1
| #define HAVE_USLEEP 1
| #define HAVE_SIGACTION 1
| #define ENABLE_DEBUGGING 1
| #define HAVE_LIBDL 1
| #define HAVE_LIBZ 1
| #define HAVE_LIBCRYPTO 1
| #define HAVE_LIBCRYPTO 1
| #define HAVE_LIBCRYPTO 1
| #define OPENSSL 1
| /* end confdefs.h.  */
| 
| /* Override any GCC internal prototype to avoid an error.
|    Use char because int might match the return type of a GCC
|    builtin and then its argument prototype would still apply.  */
| #ifdef __cplusplus
| extern "C"
| #endif
| char pcap_create ();
| int
| main ()
| {
| return pcap_create ();
|   ;
|   return 0;
| }
configure:5907: result: no
configure:5921: checking whether to use stdout for error reporting
configure:5935: result: no
configure:5938: checking whether to use /dev/console for error reporting
configure:5955: result: no
configure:5963: checking for pkg-config
configure:5993: result: no
configure:6123: creating ./config.status

## ---------------------- ##
## Running config.status. ##
## ---------------------- ##

This file was extended by libsrtp2 config.status 2.0.0-pre, which was
generated by GNU Autoconf 2.69.  Invocation command line was

  CONFIG_FILES    = 
  CONFIG_HEADERS  = 
  CONFIG_LINKS    = 
  CONFIG_COMMANDS = 
  $ ./config.status 

on Rahuls-MacBook-Pro.local

config.status:857: creating Makefile
config.status:857: creating crypto/Makefile
config.status:857: creating doc/Makefile
config.status:857: creating crypto/include/config.h

## ---------------- ##
## Cache variables. ##
## ---------------- ##

ac_cv_build=x86_64-apple-darwin14.4.0
ac_cv_c_bigendian=no
ac_cv_c_compiler_gnu=yes
ac_cv_c_const=yes
ac_cv_c_inline=inline
ac_cv_env_CC_set=set
ac_cv_env_CC_value=/Applications/Xcode.app/Contents/Developer/Toolchains/XcodeDefault.xctoolchain/usr/bin/cc
ac_cv_env_CFLAGS_set=set
ac_cv_env_CFLAGS_value='-arch x86_64 -mios-simulator-version-min=8.0 -isysroot /Applications/Xcode.app/Contents/Developer/Platforms/iPhoneSimulator.platform/Developer/SDKs/iPhoneSimulator8.4.sdk '
ac_cv_env_CPPFLAGS_set=
ac_cv_env_CPPFLAGS_value=
ac_cv_env_CPP_set=set
ac_cv_env_CPP_value=/Applications/Xcode.app/Contents/Developer/Toolchains/XcodeDefault.xctoolchain/usr/bin/cpp
ac_cv_env_LDFLAGS_set=set
ac_cv_env_LDFLAGS_value='-arch x86_64 -mios-simulator-version-min=8.0 -isysroot /Applications/Xcode.app/Contents/Developer/Platforms/iPhoneSimulator.platform/Developer/SDKs/iPhoneSimulator8.4.sdk'
ac_cv_env_LIBS_set=
ac_cv_env_LIBS_value=
ac_cv_env_build_alias_set=
ac_cv_env_build_alias_value=
ac_cv_env_host_alias_set=set
ac_cv_env_host_alias_value=x86_64-apple-darwin
ac_cv_env_target_alias_set=
ac_cv_env_target_alias_value=
ac_cv_file__dev_urandom=yes
ac_cv_func_inet_aton=yes
ac_cv_func_sigaction=yes
ac_cv_func_socket=yes
ac_cv_func_usleep=yes
ac_cv_header_arpa_inet_h=yes
ac_cv_header_byteswap_h=no
ac_cv_header_inttypes_h=yes
ac_cv_header_machine_types_h=yes
ac_cv_header_memory_h=yes
ac_cv_header_netinet_in_h=yes
ac_cv_header_stdc=yes
ac_cv_header_stdint_h=yes
ac_cv_header_stdlib_h=yes
ac_cv_header_string_h=yes
ac_cv_header_strings_h=yes
ac_cv_header_sys_int_types_h=no
ac_cv_header_sys_socket_h=yes
ac_cv_header_sys_stat_h=yes
ac_cv_header_sys_types_h=yes
ac_cv_header_sys_uio_h=yes
ac_cv_header_unistd_h=yes
ac_cv_header_windows_h=no
ac_cv_host=x86_64-apple-darwin
ac_cv_lib_crypto_EVP_EncryptInit=yes
ac_cv_lib_crypto_EVP_aes_128_ctr=yes
ac_cv_lib_crypto_EVP_aes_128_gcm=yes
ac_cv_lib_dl_dlopen=yes
ac_cv_lib_pcap_pcap_create=no
ac_cv_lib_z_inflate=yes
ac_cv_objext=o
ac_cv_path_EGREP='/usr/bin/grep -E'
ac_cv_path_GREP=/usr/bin/grep
ac_cv_path_install='/usr/bin/install -c'
ac_cv_prog_CC=/Applications/Xcode.app/Contents/Developer/Toolchains/XcodeDefault.xctoolchain/usr/bin/cc
ac_cv_prog_CPP=/Applications/Xcode.app/Contents/Developer/Toolchains/XcodeDefault.xctoolchain/usr/bin/cpp
ac_cv_prog_ac_ct_AR=ar
ac_cv_prog_ac_ct_RANLIB=ranlib
ac_cv_prog_cc_c89=
ac_cv_prog_cc_g=yes
ac_cv_sizeof_unsigned_long=8
ac_cv_sizeof_unsigned_long_long=8
ac_cv_type_int16_t=yes
ac_cv_type_int32_t=yes
ac_cv_type_int8_t=yes
ac_cv_type_size_t=yes
ac_cv_type_uint16_t=yes
ac_cv_type_uint32_t=yes
ac_cv_type_uint64_t=yes
ac_cv_type_uint8_t=yes
am_cv_ar_interface=ar

## ----------------- ##
## Output variables. ##
## ----------------- ##

AES_ICM_OBJS='crypto/cipher/aes_icm_ossl.o crypto/cipher/aes_gcm_ossl.o'
AR='ar'
CC='/Applications/Xcode.app/Contents/Developer/Toolchains/XcodeDefault.xctoolchain/usr/bin/cc'
CFLAGS='-arch x86_64 -mios-simulator-version-min=8.0 -isysroot /Applications/Xcode.app/Contents/Developer/Platforms/iPhoneSimulator.platform/Developer/SDKs/iPhoneSimulator8.4.sdk  -I../openssl//include '
CPP='/Applications/Xcode.app/Contents/Developer/Toolchains/XcodeDefault.xctoolchain/usr/bin/cpp'
CPPFLAGS=''
DEFS='-DHAVE_CONFIG_H'
ECHO_C='\c'
ECHO_N=''
ECHO_T=''
EGREP='/usr/bin/grep -E'
EXE=''
EXEEXT=''
GREP='/usr/bin/grep'
HAVE_PCAP=''
HAVE_PKG_CONFIG='0'
HMAC_OBJS='crypto/hash/hmac_ossl.o'
INSTALL_DATA='${INSTALL} -m 644'
INSTALL_PROGRAM='${INSTALL}'
INSTALL_SCRIPT='${INSTALL}'
LDFLAGS='-arch x86_64 -mios-simulator-version-min=8.0 -isysroot /Applications/Xcode.app/Contents/Developer/Platforms/iPhoneSimulator.platform/Developer/SDKs/iPhoneSimulator8.4.sdk -L../openssl//lib '
LIBOBJS=''
LIBS='-lcrypto -lcrypto -lcrypto -lz -ldl '
LTLIBOBJS=''
OBJEXT='o'
PACKAGE_BUGREPORT='https://github.com/cisco/libsrtp/issues'
PACKAGE_NAME='libsrtp2'
PACKAGE_STRING='libsrtp2 2.0.0-pre'
PACKAGE_TARNAME='libsrtp2'
PACKAGE_URL=''
PACKAGE_VERSION='2.0.0-pre'
PATH_SEPARATOR=':'
PKG_CONFIG=''
RANLIB='ranlib'
SHELL='/bin/sh'
USE_OPENSSL='1'
ac_ct_AR='ar'
ac_ct_CC=''
bindir='${exec_prefix}/bin'
build='x86_64-apple-darwin14.4.0'
build_alias=''
build_cpu='x86_64'
build_os='darwin14.4.0'
build_vendor='apple'
datadir='${datarootdir}'
datarootdir='${prefix}/share'
docdir='${datarootdir}/doc/${PACKAGE_TARNAME}'
dvidir='${docdir}'
exec_prefix='${prefix}'
host='x86_64-apple-darwin'
host_alias='x86_64-apple-darwin'
host_cpu='x86_64'
host_os='darwin'
host_vendor='apple'
htmldir='${docdir}'
includedir='${prefix}/include'
infodir='${datarootdir}/info'
libdir='${exec_prefix}/lib'
libexecdir='${exec_prefix}/libexec'
localedir='${datarootdir}/locale'
localstatedir='${prefix}/var'
mandir='${datarootdir}/man'
oldincludedir='/usr/include'
pdfdir='${docdir}'
prefix='/Users/aagman/Desktop/LibSRTP/SIM_x86_64'
program_transform_name='s,x,x,'
psdir='${docdir}'
sbindir='${exec_prefix}/sbin'
sharedstatedir='${prefix}/com'
sysconfdir='${prefix}/etc'
target_alias=''

## ----------- ##
## confdefs.h. ##
## ----------- ##

/* confdefs.h */
#define PACKAGE_NAME "libsrtp2"
#define PACKAGE_TARNAME "libsrtp2"
#define PACKAGE_VERSION "2.0.0-pre"
#define PACKAGE_STRING "libsrtp2 2.0.0-pre"
#define PACKAGE_BUGREPORT "https://github.com/cisco/libsrtp/issues"
#define PACKAGE_URL ""
#define STDC_HEADERS 1
#define HAVE_SYS_TYPES_H 1
#define HAVE_SYS_STAT_H 1
#define HAVE_STDLIB_H 1
#define HAVE_STRING_H 1
#define HAVE_MEMORY_H 1
#define HAVE_STRINGS_H 1
#define HAVE_INTTYPES_H 1
#define HAVE_STDINT_H 1
#define HAVE_UNISTD_H 1
#define CPU_CISC 1
#define HAVE_X86 1
#define STDC_HEADERS 1
#define HAVE_STDLIB_H 1
#define HAVE_UNISTD_H 1
#define HAVE_STDINT_H 1
#define HAVE_SYS_UIO_H 1
#define HAVE_INTTYPES_H 1
#define HAVE_SYS_TYPES_H 1
#define HAVE_MACHINE_TYPES_H 1
#define HAVE_SYS_SOCKET_H 1
#define HAVE_NETINET_IN_H 1
#define HAVE_ARPA_INET_H 1
#define HAVE_INT8_T 1
#define HAVE_UINT8_T 1
#define HAVE_INT16_T 1
#define HAVE_UINT16_T 1
#define HAVE_INT32_T 1
#define HAVE_UINT32_T 1
#define HAVE_UINT64_T 1
#define SIZEOF_UNSIGNED_LONG 8
#define SIZEOF_UNSIGNED_LONG_LONG 8
#define HAVE_SOCKET 1
#define HAVE_INET_ATON 1
#define HAVE_USLEEP 1
#define HAVE_SIGACTION 1
#define ENABLE_DEBUGGING 1
#define HAVE_LIBDL 1
#define HAVE_LIBZ 1
#define HAVE_LIBCRYPTO 1
#define HAVE_LIBCRYPTO 1
#define HAVE_LIBCRYPTO 1
#define OPENSSL 1

configure: exit 0
